{"D:\\OYC\\.Course\\Web-App\\Hotel-Booking\\server\\src\\app.js": {"path":"D:\\OYC\\.Course\\Web-App\\Hotel-Booking\\server\\src\\app.js","all":false,"statementMap":{"0":{"start":{"line":1,"column":0},"end":{"line":1,"column":35}},"1":{"start":{"line":2,"column":0},"end":{"line":2,"column":33}},"2":{"start":{"line":3,"column":0},"end":{"line":3,"column":33}},"3":{"start":{"line":4,"column":0},"end":{"line":4,"column":29}},"4":{"start":{"line":5,"column":0},"end":{"line":5,"column":57}},"5":{"start":{"line":6,"column":0},"end":{"line":6,"column":46}},"6":{"start":{"line":7,"column":0},"end":{"line":7,"column":48}},"7":{"start":{"line":8,"column":0},"end":{"line":8,"column":27}},"8":{"start":{"line":9,"column":0},"end":{"line":9,"column":0}},"9":{"start":{"line":10,"column":0},"end":{"line":10,"column":45}},"10":{"start":{"line":11,"column":0},"end":{"line":11,"column":61}},"11":{"start":{"line":12,"column":0},"end":{"line":12,"column":62}},"12":{"start":{"line":13,"column":0},"end":{"line":13,"column":71}},"13":{"start":{"line":14,"column":0},"end":{"line":14,"column":0}},"14":{"start":{"line":15,"column":0},"end":{"line":15,"column":22}},"15":{"start":{"line":16,"column":0},"end":{"line":16,"column":0}},"16":{"start":{"line":17,"column":0},"end":{"line":17,"column":36}},"17":{"start":{"line":18,"column":0},"end":{"line":18,"column":8}},"18":{"start":{"line":19,"column":0},"end":{"line":19,"column":8}},"19":{"start":{"line":20,"column":0},"end":{"line":20,"column":36}},"20":{"start":{"line":21,"column":0},"end":{"line":21,"column":22}},"21":{"start":{"line":22,"column":0},"end":{"line":22,"column":46}},"22":{"start":{"line":23,"column":0},"end":{"line":23,"column":4}},"23":{"start":{"line":24,"column":0},"end":{"line":24,"column":2}},"24":{"start":{"line":25,"column":0},"end":{"line":25,"column":0}},"25":{"start":{"line":26,"column":0},"end":{"line":26,"column":8}},"26":{"start":{"line":27,"column":0},"end":{"line":27,"column":13}},"27":{"start":{"line":28,"column":0},"end":{"line":28,"column":29}},"28":{"start":{"line":29,"column":0},"end":{"line":29,"column":15}},"29":{"start":{"line":30,"column":0},"end":{"line":30,"column":31}},"30":{"start":{"line":31,"column":0},"end":{"line":31,"column":25}},"31":{"start":{"line":32,"column":0},"end":{"line":32,"column":19}},"32":{"start":{"line":33,"column":0},"end":{"line":33,"column":4}},"33":{"start":{"line":34,"column":0},"end":{"line":34,"column":2}},"34":{"start":{"line":35,"column":0},"end":{"line":35,"column":0}},"35":{"start":{"line":36,"column":0},"end":{"line":36,"column":21}},"36":{"start":{"line":37,"column":0},"end":{"line":37,"column":0}},"37":{"start":{"line":38,"column":0},"end":{"line":38,"column":24}},"38":{"start":{"line":39,"column":0},"end":{"line":39,"column":0}},"39":{"start":{"line":40,"column":0},"end":{"line":40,"column":41}},"40":{"start":{"line":41,"column":0},"end":{"line":41,"column":0}},"41":{"start":{"line":42,"column":0},"end":{"line":42,"column":46}},"42":{"start":{"line":43,"column":0},"end":{"line":43,"column":75}},"43":{"start":{"line":44,"column":0},"end":{"line":44,"column":29}},"44":{"start":{"line":45,"column":0},"end":{"line":45,"column":39}},"45":{"start":{"line":46,"column":0},"end":{"line":46,"column":53}},"46":{"start":{"line":47,"column":0},"end":{"line":47,"column":21}},"47":{"start":{"line":48,"column":0},"end":{"line":48,"column":19}},"48":{"start":{"line":49,"column":0},"end":{"line":49,"column":5}},"49":{"start":{"line":50,"column":0},"end":{"line":50,"column":9}},"50":{"start":{"line":51,"column":0},"end":{"line":51,"column":3}},"51":{"start":{"line":52,"column":0},"end":{"line":52,"column":0}},"52":{"start":{"line":53,"column":0},"end":{"line":53,"column":26}},"53":{"start":{"line":54,"column":0},"end":{"line":54,"column":0}},"54":{"start":{"line":55,"column":0},"end":{"line":55,"column":18}},"55":{"start":{"line":56,"column":0},"end":{"line":56,"column":0}},"56":{"start":{"line":57,"column":0},"end":{"line":57,"column":45}},"57":{"start":{"line":58,"column":0},"end":{"line":58,"column":25}},"58":{"start":{"line":59,"column":0},"end":{"line":59,"column":1}},"59":{"start":{"line":60,"column":0},"end":{"line":60,"column":0}},"60":{"start":{"line":61,"column":0},"end":{"line":61,"column":28}},"61":{"start":{"line":62,"column":0},"end":{"line":62,"column":71}},"62":{"start":{"line":63,"column":0},"end":{"line":63,"column":3}},"63":{"start":{"line":64,"column":0},"end":{"line":64,"column":0}},"64":{"start":{"line":65,"column":0},"end":{"line":65,"column":36}},"65":{"start":{"line":66,"column":0},"end":{"line":66,"column":0}},"66":{"start":{"line":67,"column":0},"end":{"line":67,"column":31}},"67":{"start":{"line":68,"column":0},"end":{"line":68,"column":0}},"68":{"start":{"line":69,"column":0},"end":{"line":69,"column":28}},"69":{"start":{"line":70,"column":0},"end":{"line":70,"column":0}},"70":{"start":{"line":71,"column":0},"end":{"line":71,"column":63}},"71":{"start":{"line":72,"column":0},"end":{"line":72,"column":21}}},"s":{"0":6,"1":6,"2":6,"3":6,"4":6,"5":6,"6":6,"7":6,"8":6,"9":6,"10":6,"11":6,"12":6,"13":6,"14":6,"15":6,"16":6,"17":6,"18":6,"19":6,"20":6,"21":6,"22":6,"23":6,"24":6,"25":6,"26":6,"27":6,"28":6,"29":6,"30":6,"31":6,"32":6,"33":6,"34":6,"35":6,"36":6,"37":6,"38":6,"39":6,"40":6,"41":6,"42":6,"43":6,"44":22,"45":22,"46":22,"47":22,"48":22,"49":22,"50":6,"51":6,"52":6,"53":6,"54":6,"55":6,"56":6,"57":0,"58":0,"59":6,"60":6,"61":2,"62":6,"63":6,"64":6,"65":6,"66":6,"67":6,"68":6,"69":6,"70":6,"71":6},"branchMap":{"0":{"type":"branch","line":1,"loc":{"start":{"line":1,"column":0},"end":{"line":72,"column":21}},"locations":[{"start":{"line":1,"column":0},"end":{"line":72,"column":21}}]},"1":{"type":"branch","line":57,"loc":{"start":{"line":57,"column":44},"end":{"line":59,"column":1}},"locations":[{"start":{"line":57,"column":44},"end":{"line":59,"column":1}}]},"2":{"type":"branch","line":44,"loc":{"start":{"line":44,"column":8},"end":{"line":51,"column":1}},"locations":[{"start":{"line":44,"column":8},"end":{"line":51,"column":1}}]},"3":{"type":"branch","line":61,"loc":{"start":{"line":61,"column":13},"end":{"line":63,"column":1}},"locations":[{"start":{"line":61,"column":13},"end":{"line":63,"column":1}}]}},"b":{"0":[6],"1":[0],"2":[22],"3":[2]},"fnMap":{},"f":{}}
,"D:\\OYC\\.Course\\Web-App\\Hotel-Booking\\server\\src\\controllers\\roomController.js": {"path":"D:\\OYC\\.Course\\Web-App\\Hotel-Booking\\server\\src\\controllers\\roomController.js","all":false,"statementMap":{"0":{"start":{"line":1,"column":0},"end":{"line":1,"column":55}},"1":{"start":{"line":2,"column":0},"end":{"line":2,"column":63}},"2":{"start":{"line":3,"column":0},"end":{"line":3,"column":0}},"3":{"start":{"line":4,"column":0},"end":{"line":4,"column":38}},"4":{"start":{"line":5,"column":0},"end":{"line":5,"column":0}},"5":{"start":{"line":6,"column":0},"end":{"line":6,"column":40}},"6":{"start":{"line":7,"column":0},"end":{"line":7,"column":63}},"7":{"start":{"line":8,"column":0},"end":{"line":8,"column":0}},"8":{"start":{"line":9,"column":0},"end":{"line":9,"column":34}},"9":{"start":{"line":10,"column":0},"end":{"line":10,"column":32}},"10":{"start":{"line":11,"column":0},"end":{"line":11,"column":18}},"11":{"start":{"line":12,"column":0},"end":{"line":12,"column":5}},"12":{"start":{"line":13,"column":0},"end":{"line":13,"column":2}},"13":{"start":{"line":14,"column":0},"end":{"line":14,"column":0}},"14":{"start":{"line":15,"column":0},"end":{"line":15,"column":43}},"15":{"start":{"line":16,"column":0},"end":{"line":16,"column":65}},"16":{"start":{"line":17,"column":0},"end":{"line":17,"column":0}},"17":{"start":{"line":18,"column":0},"end":{"line":18,"column":43}},"18":{"start":{"line":19,"column":0},"end":{"line":19,"column":2}},"19":{"start":{"line":20,"column":0},"end":{"line":20,"column":0}},"20":{"start":{"line":21,"column":0},"end":{"line":21,"column":42}},"21":{"start":{"line":22,"column":0},"end":{"line":22,"column":29}},"22":{"start":{"line":23,"column":0},"end":{"line":23,"column":41}},"23":{"start":{"line":24,"column":0},"end":{"line":24,"column":16}},"24":{"start":{"line":25,"column":0},"end":{"line":25,"column":28}},"25":{"start":{"line":26,"column":0},"end":{"line":26,"column":5}},"26":{"start":{"line":27,"column":0},"end":{"line":27,"column":0}},"27":{"start":{"line":28,"column":0},"end":{"line":28,"column":43}},"28":{"start":{"line":29,"column":0},"end":{"line":29,"column":2}},"29":{"start":{"line":30,"column":0},"end":{"line":30,"column":0}},"30":{"start":{"line":31,"column":0},"end":{"line":31,"column":42}},"31":{"start":{"line":32,"column":0},"end":{"line":32,"column":57}},"32":{"start":{"line":33,"column":0},"end":{"line":33,"column":49}},"33":{"start":{"line":34,"column":0},"end":{"line":34,"column":13}},"34":{"start":{"line":35,"column":0},"end":{"line":35,"column":10}},"35":{"start":{"line":36,"column":0},"end":{"line":36,"column":4}},"36":{"start":{"line":37,"column":0},"end":{"line":37,"column":0}},"37":{"start":{"line":38,"column":0},"end":{"line":38,"column":56}},"38":{"start":{"line":39,"column":0},"end":{"line":39,"column":2}},"39":{"start":{"line":40,"column":0},"end":{"line":40,"column":0}},"40":{"start":{"line":41,"column":0},"end":{"line":41,"column":42}},"41":{"start":{"line":42,"column":0},"end":{"line":42,"column":30}},"42":{"start":{"line":43,"column":0},"end":{"line":43,"column":5}},"43":{"start":{"line":44,"column":0},"end":{"line":44,"column":25}},"44":{"start":{"line":45,"column":0},"end":{"line":45,"column":30}},"45":{"start":{"line":46,"column":0},"end":{"line":46,"column":6}},"46":{"start":{"line":47,"column":0},"end":{"line":47,"column":10}},"47":{"start":{"line":48,"column":0},"end":{"line":48,"column":4}},"48":{"start":{"line":49,"column":0},"end":{"line":49,"column":0}},"49":{"start":{"line":50,"column":0},"end":{"line":50,"column":50}},"50":{"start":{"line":51,"column":0},"end":{"line":51,"column":2}}},"s":{"0":6,"1":6,"2":6,"3":6,"4":6,"5":6,"6":12,"7":12,"8":12,"9":12,"10":12,"11":12,"12":6,"13":6,"14":6,"15":0,"16":0,"17":0,"18":6,"19":6,"20":6,"21":2,"22":2,"23":2,"24":2,"25":2,"26":1,"27":1,"28":6,"29":6,"30":6,"31":2,"32":2,"33":2,"34":2,"35":2,"36":1,"37":1,"38":6,"39":6,"40":6,"41":2,"42":2,"43":2,"44":2,"45":2,"46":2,"47":2,"48":1,"49":1,"50":6},"branchMap":{"0":{"type":"branch","line":1,"loc":{"start":{"line":1,"column":0},"end":{"line":51,"column":2}},"locations":[{"start":{"line":1,"column":0},"end":{"line":51,"column":2}}]},"1":{"type":"branch","line":6,"loc":{"start":{"line":6,"column":19},"end":{"line":13,"column":1}},"locations":[{"start":{"line":6,"column":19},"end":{"line":13,"column":1}}]},"2":{"type":"branch","line":21,"loc":{"start":{"line":21,"column":21},"end":{"line":29,"column":1}},"locations":[{"start":{"line":21,"column":21},"end":{"line":29,"column":1}}]},"3":{"type":"branch","line":27,"loc":{"start":{"line":27,"column":-2},"end":{"line":29,"column":0}},"locations":[{"start":{"line":27,"column":-2},"end":{"line":29,"column":0}}]},"4":{"type":"branch","line":31,"loc":{"start":{"line":31,"column":21},"end":{"line":39,"column":1}},"locations":[{"start":{"line":31,"column":21},"end":{"line":39,"column":1}}]},"5":{"type":"branch","line":37,"loc":{"start":{"line":37,"column":-2},"end":{"line":39,"column":0}},"locations":[{"start":{"line":37,"column":-2},"end":{"line":39,"column":0}}]},"6":{"type":"branch","line":41,"loc":{"start":{"line":41,"column":21},"end":{"line":51,"column":1}},"locations":[{"start":{"line":41,"column":21},"end":{"line":51,"column":1}}]},"7":{"type":"branch","line":49,"loc":{"start":{"line":49,"column":-2},"end":{"line":51,"column":0}},"locations":[{"start":{"line":49,"column":-2},"end":{"line":51,"column":0}}]}},"b":{"0":[6],"1":[12],"2":[2],"3":[1],"4":[2],"5":[1],"6":[2],"7":[1]},"fnMap":{"0":{"name":"exports.getRooms","decl":{"start":{"line":6,"column":19},"end":{"line":13,"column":1}},"loc":{"start":{"line":6,"column":19},"end":{"line":13,"column":1}},"line":6},"1":{"name":"exports.getRoomById","decl":{"start":{"line":15,"column":22},"end":{"line":19,"column":1}},"loc":{"start":{"line":15,"column":22},"end":{"line":19,"column":1}},"line":15},"2":{"name":"exports.createRoom","decl":{"start":{"line":21,"column":21},"end":{"line":29,"column":1}},"loc":{"start":{"line":21,"column":21},"end":{"line":29,"column":1}},"line":21},"3":{"name":"exports.updateRoom","decl":{"start":{"line":31,"column":21},"end":{"line":39,"column":1}},"loc":{"start":{"line":31,"column":21},"end":{"line":39,"column":1}},"line":31},"4":{"name":"exports.deleteRoom","decl":{"start":{"line":41,"column":21},"end":{"line":51,"column":1}},"loc":{"start":{"line":41,"column":21},"end":{"line":51,"column":1}},"line":41}},"f":{"0":12,"1":0,"2":2,"3":2,"4":2}}
,"D:\\OYC\\.Course\\Web-App\\Hotel-Booking\\server\\src\\core\\AppError.js": {"path":"D:\\OYC\\.Course\\Web-App\\Hotel-Booking\\server\\src\\core\\AppError.js","all":false,"statementMap":{"0":{"start":{"line":1,"column":0},"end":{"line":1,"column":30}},"1":{"start":{"line":2,"column":0},"end":{"line":2,"column":36}},"2":{"start":{"line":3,"column":0},"end":{"line":3,"column":19}},"3":{"start":{"line":4,"column":0},"end":{"line":4,"column":33}},"4":{"start":{"line":5,"column":0},"end":{"line":5,"column":69}},"5":{"start":{"line":6,"column":0},"end":{"line":6,"column":30}},"6":{"start":{"line":7,"column":0},"end":{"line":7,"column":0}},"7":{"start":{"line":8,"column":0},"end":{"line":8,"column":52}},"8":{"start":{"line":9,"column":0},"end":{"line":9,"column":3}},"9":{"start":{"line":10,"column":0},"end":{"line":10,"column":1}},"10":{"start":{"line":11,"column":0},"end":{"line":11,"column":0}},"11":{"start":{"line":12,"column":0},"end":{"line":12,"column":26}}},"s":{"0":7,"1":7,"2":13,"3":13,"4":13,"5":13,"6":13,"7":13,"8":13,"9":7,"10":7,"11":7},"branchMap":{"0":{"type":"branch","line":1,"loc":{"start":{"line":1,"column":0},"end":{"line":12,"column":26}},"locations":[{"start":{"line":1,"column":0},"end":{"line":12,"column":26}}]},"1":{"type":"branch","line":2,"loc":{"start":{"line":2,"column":2},"end":{"line":9,"column":3}},"locations":[{"start":{"line":2,"column":2},"end":{"line":9,"column":3}}]},"2":{"type":"branch","line":5,"loc":{"start":{"line":5,"column":59},"end":{"line":5,"column":68}},"locations":[{"start":{"line":5,"column":59},"end":{"line":5,"column":68}}]}},"b":{"0":[7],"1":[13],"2":[0]},"fnMap":{"0":{"name":"AppError","decl":{"start":{"line":2,"column":2},"end":{"line":9,"column":3}},"loc":{"start":{"line":2,"column":2},"end":{"line":9,"column":3}},"line":2}},"f":{"0":13}}
,"D:\\OYC\\.Course\\Web-App\\Hotel-Booking\\server\\src\\core\\ResponseFormatter.js": {"path":"D:\\OYC\\.Course\\Web-App\\Hotel-Booking\\server\\src\\core\\ResponseFormatter.js","all":false,"statementMap":{"0":{"start":{"line":1,"column":0},"end":{"line":1,"column":25}},"1":{"start":{"line":2,"column":0},"end":{"line":2,"column":61}},"2":{"start":{"line":3,"column":0},"end":{"line":3,"column":49}},"3":{"start":{"line":4,"column":0},"end":{"line":4,"column":0}},"4":{"start":{"line":5,"column":0},"end":{"line":5,"column":44}},"5":{"start":{"line":6,"column":0},"end":{"line":6,"column":0}},"6":{"start":{"line":7,"column":0},"end":{"line":7,"column":49}},"7":{"start":{"line":8,"column":0},"end":{"line":8,"column":3}},"8":{"start":{"line":9,"column":0},"end":{"line":9,"column":0}},"9":{"start":{"line":10,"column":0},"end":{"line":10,"column":58}},"10":{"start":{"line":11,"column":0},"end":{"line":11,"column":49}},"11":{"start":{"line":12,"column":0},"end":{"line":12,"column":0}},"12":{"start":{"line":13,"column":0},"end":{"line":13,"column":35}},"13":{"start":{"line":14,"column":0},"end":{"line":14,"column":0}},"14":{"start":{"line":15,"column":0},"end":{"line":15,"column":49}},"15":{"start":{"line":16,"column":0},"end":{"line":16,"column":3}},"16":{"start":{"line":17,"column":0},"end":{"line":17,"column":0}},"17":{"start":{"line":18,"column":0},"end":{"line":18,"column":53}},"18":{"start":{"line":19,"column":0},"end":{"line":19,"column":50}},"19":{"start":{"line":20,"column":0},"end":{"line":20,"column":0}},"20":{"start":{"line":21,"column":0},"end":{"line":21,"column":35}},"21":{"start":{"line":22,"column":0},"end":{"line":22,"column":0}},"22":{"start":{"line":23,"column":0},"end":{"line":23,"column":43}},"23":{"start":{"line":24,"column":0},"end":{"line":24,"column":3}},"24":{"start":{"line":25,"column":0},"end":{"line":25,"column":1}},"25":{"start":{"line":26,"column":0},"end":{"line":26,"column":0}},"26":{"start":{"line":27,"column":0},"end":{"line":27,"column":35}}},"s":{"0":6,"1":6,"2":17,"3":17,"4":17,"5":17,"6":17,"7":17,"8":6,"9":6,"10":5,"11":5,"12":5,"13":5,"14":5,"15":5,"16":6,"17":6,"18":0,"19":0,"20":0,"21":0,"22":0,"23":0,"24":6,"25":6,"26":6},"branchMap":{"0":{"type":"branch","line":1,"loc":{"start":{"line":1,"column":0},"end":{"line":27,"column":35}},"locations":[{"start":{"line":1,"column":0},"end":{"line":27,"column":35}}]},"1":{"type":"branch","line":2,"loc":{"start":{"line":2,"column":9},"end":{"line":8,"column":3}},"locations":[{"start":{"line":2,"column":9},"end":{"line":8,"column":3}}]},"2":{"type":"branch","line":5,"loc":{"start":{"line":5,"column":17},"end":{"line":5,"column":44}},"locations":[{"start":{"line":5,"column":17},"end":{"line":5,"column":44}}]},"3":{"type":"branch","line":10,"loc":{"start":{"line":10,"column":9},"end":{"line":16,"column":3}},"locations":[{"start":{"line":10,"column":9},"end":{"line":16,"column":3}}]},"4":{"type":"branch","line":13,"loc":{"start":{"line":13,"column":14},"end":{"line":13,"column":35}},"locations":[{"start":{"line":13,"column":14},"end":{"line":13,"column":35}}]}},"b":{"0":[6],"1":[17],"2":[2],"3":[5],"4":[0]},"fnMap":{"0":{"name":"success","decl":{"start":{"line":2,"column":9},"end":{"line":8,"column":3}},"loc":{"start":{"line":2,"column":9},"end":{"line":8,"column":3}},"line":2},"1":{"name":"fail","decl":{"start":{"line":10,"column":9},"end":{"line":16,"column":3}},"loc":{"start":{"line":10,"column":9},"end":{"line":16,"column":3}},"line":10},"2":{"name":"error","decl":{"start":{"line":18,"column":9},"end":{"line":24,"column":3}},"loc":{"start":{"line":18,"column":9},"end":{"line":24,"column":3}},"line":18}},"f":{"0":17,"1":5,"2":0}}
,"D:\\OYC\\.Course\\Web-App\\Hotel-Booking\\server\\src\\core\\base\\baseRepository.js": {"path":"D:\\OYC\\.Course\\Web-App\\Hotel-Booking\\server\\src\\core\\base\\baseRepository.js","all":false,"statementMap":{"0":{"start":{"line":1,"column":0},"end":{"line":1,"column":22}},"1":{"start":{"line":2,"column":0},"end":{"line":2,"column":22}},"2":{"start":{"line":3,"column":0},"end":{"line":3,"column":23}},"3":{"start":{"line":4,"column":0},"end":{"line":4,"column":3}},"4":{"start":{"line":5,"column":0},"end":{"line":5,"column":0}},"5":{"start":{"line":6,"column":0},"end":{"line":6,"column":24}},"6":{"start":{"line":7,"column":0},"end":{"line":7,"column":38}},"7":{"start":{"line":8,"column":0},"end":{"line":8,"column":3}},"8":{"start":{"line":9,"column":0},"end":{"line":9,"column":0}},"9":{"start":{"line":10,"column":0},"end":{"line":10,"column":21}},"10":{"start":{"line":11,"column":0},"end":{"line":11,"column":35}},"11":{"start":{"line":12,"column":0},"end":{"line":12,"column":3}},"12":{"start":{"line":13,"column":0},"end":{"line":13,"column":0}},"13":{"start":{"line":14,"column":0},"end":{"line":14,"column":16}},"14":{"start":{"line":15,"column":0},"end":{"line":15,"column":35}},"15":{"start":{"line":16,"column":0},"end":{"line":16,"column":3}},"16":{"start":{"line":17,"column":0},"end":{"line":17,"column":0}},"17":{"start":{"line":18,"column":0},"end":{"line":18,"column":24}},"18":{"start":{"line":19,"column":0},"end":{"line":19,"column":48}},"19":{"start":{"line":20,"column":0},"end":{"line":20,"column":16}},"20":{"start":{"line":21,"column":0},"end":{"line":21,"column":26}},"21":{"start":{"line":22,"column":0},"end":{"line":22,"column":7}},"22":{"start":{"line":23,"column":0},"end":{"line":23,"column":3}},"23":{"start":{"line":24,"column":0},"end":{"line":24,"column":0}},"24":{"start":{"line":25,"column":0},"end":{"line":25,"column":27}},"25":{"start":{"line":26,"column":0},"end":{"line":26,"column":47}},"26":{"start":{"line":27,"column":0},"end":{"line":27,"column":16}},"27":{"start":{"line":28,"column":0},"end":{"line":28,"column":26}},"28":{"start":{"line":29,"column":0},"end":{"line":29,"column":7}},"29":{"start":{"line":30,"column":0},"end":{"line":30,"column":3}},"30":{"start":{"line":31,"column":0},"end":{"line":31,"column":0}},"31":{"start":{"line":32,"column":0},"end":{"line":32,"column":16}},"32":{"start":{"line":33,"column":0},"end":{"line":33,"column":35}},"33":{"start":{"line":34,"column":0},"end":{"line":34,"column":3}},"34":{"start":{"line":35,"column":0},"end":{"line":35,"column":0}},"35":{"start":{"line":36,"column":0},"end":{"line":36,"column":23}},"36":{"start":{"line":37,"column":0},"end":{"line":37,"column":41}},"37":{"start":{"line":38,"column":0},"end":{"line":38,"column":3}},"38":{"start":{"line":39,"column":0},"end":{"line":39,"column":0}},"39":{"start":{"line":40,"column":0},"end":{"line":40,"column":26}},"40":{"start":{"line":41,"column":0},"end":{"line":41,"column":40}},"41":{"start":{"line":42,"column":0},"end":{"line":42,"column":3}},"42":{"start":{"line":43,"column":0},"end":{"line":43,"column":0}},"43":{"start":{"line":44,"column":0},"end":{"line":44,"column":33}},"44":{"start":{"line":45,"column":0},"end":{"line":45,"column":47}},"45":{"start":{"line":46,"column":0},"end":{"line":46,"column":3}},"46":{"start":{"line":47,"column":0},"end":{"line":47,"column":39}},"47":{"start":{"line":48,"column":0},"end":{"line":48,"column":54}},"48":{"start":{"line":49,"column":0},"end":{"line":49,"column":16}},"49":{"start":{"line":50,"column":0},"end":{"line":50,"column":26}},"50":{"start":{"line":51,"column":0},"end":{"line":51,"column":7}},"51":{"start":{"line":52,"column":0},"end":{"line":52,"column":3}},"52":{"start":{"line":53,"column":0},"end":{"line":53,"column":0}},"53":{"start":{"line":54,"column":0},"end":{"line":54,"column":25}},"54":{"start":{"line":55,"column":0},"end":{"line":55,"column":44}},"55":{"start":{"line":56,"column":0},"end":{"line":56,"column":3}},"56":{"start":{"line":57,"column":0},"end":{"line":57,"column":0}},"57":{"start":{"line":58,"column":0},"end":{"line":58,"column":31}},"58":{"start":{"line":59,"column":0},"end":{"line":59,"column":51}},"59":{"start":{"line":60,"column":0},"end":{"line":60,"column":16}},"60":{"start":{"line":61,"column":0},"end":{"line":61,"column":26}},"61":{"start":{"line":62,"column":0},"end":{"line":62,"column":7}},"62":{"start":{"line":63,"column":0},"end":{"line":63,"column":3}},"63":{"start":{"line":64,"column":0},"end":{"line":64,"column":1}},"64":{"start":{"line":65,"column":0},"end":{"line":65,"column":0}},"65":{"start":{"line":66,"column":0},"end":{"line":66,"column":32}}},"s":{"0":7,"1":7,"2":21,"3":21,"4":7,"5":7,"6":4,"7":4,"8":7,"9":7,"10":23,"11":23,"12":7,"13":7,"14":8,"15":8,"16":7,"17":7,"18":3,"19":3,"20":3,"21":3,"22":3,"23":7,"24":7,"25":3,"26":3,"27":3,"28":3,"29":3,"30":7,"31":7,"32":2,"33":2,"34":7,"35":7,"36":4,"37":4,"38":7,"39":7,"40":4,"41":4,"42":7,"43":7,"44":3,"45":3,"46":7,"47":5,"48":5,"49":5,"50":5,"51":5,"52":7,"53":7,"54":4,"55":4,"56":7,"57":7,"58":4,"59":4,"60":4,"61":4,"62":4,"63":7,"64":7,"65":7},"branchMap":{"0":{"type":"branch","line":1,"loc":{"start":{"line":1,"column":0},"end":{"line":66,"column":32}},"locations":[{"start":{"line":1,"column":0},"end":{"line":66,"column":32}}]},"1":{"type":"branch","line":2,"loc":{"start":{"line":2,"column":2},"end":{"line":4,"column":3}},"locations":[{"start":{"line":2,"column":2},"end":{"line":4,"column":3}}]},"2":{"type":"branch","line":6,"loc":{"start":{"line":6,"column":2},"end":{"line":8,"column":3}},"locations":[{"start":{"line":6,"column":2},"end":{"line":8,"column":3}}]},"3":{"type":"branch","line":10,"loc":{"start":{"line":10,"column":2},"end":{"line":12,"column":3}},"locations":[{"start":{"line":10,"column":2},"end":{"line":12,"column":3}}]},"4":{"type":"branch","line":14,"loc":{"start":{"line":14,"column":2},"end":{"line":16,"column":3}},"locations":[{"start":{"line":14,"column":2},"end":{"line":16,"column":3}}]},"5":{"type":"branch","line":18,"loc":{"start":{"line":18,"column":2},"end":{"line":23,"column":3}},"locations":[{"start":{"line":18,"column":2},"end":{"line":23,"column":3}}]},"6":{"type":"branch","line":25,"loc":{"start":{"line":25,"column":2},"end":{"line":30,"column":3}},"locations":[{"start":{"line":25,"column":2},"end":{"line":30,"column":3}}]},"7":{"type":"branch","line":32,"loc":{"start":{"line":32,"column":2},"end":{"line":34,"column":3}},"locations":[{"start":{"line":32,"column":2},"end":{"line":34,"column":3}}]},"8":{"type":"branch","line":36,"loc":{"start":{"line":36,"column":2},"end":{"line":38,"column":3}},"locations":[{"start":{"line":36,"column":2},"end":{"line":38,"column":3}}]},"9":{"type":"branch","line":40,"loc":{"start":{"line":40,"column":2},"end":{"line":42,"column":3}},"locations":[{"start":{"line":40,"column":2},"end":{"line":42,"column":3}}]},"10":{"type":"branch","line":44,"loc":{"start":{"line":44,"column":2},"end":{"line":46,"column":3}},"locations":[{"start":{"line":44,"column":2},"end":{"line":46,"column":3}}]},"11":{"type":"branch","line":47,"loc":{"start":{"line":47,"column":2},"end":{"line":52,"column":3}},"locations":[{"start":{"line":47,"column":2},"end":{"line":52,"column":3}}]},"12":{"type":"branch","line":54,"loc":{"start":{"line":54,"column":2},"end":{"line":56,"column":3}},"locations":[{"start":{"line":54,"column":2},"end":{"line":56,"column":3}}]},"13":{"type":"branch","line":58,"loc":{"start":{"line":58,"column":2},"end":{"line":63,"column":3}},"locations":[{"start":{"line":58,"column":2},"end":{"line":63,"column":3}}]}},"b":{"0":[7],"1":[21],"2":[4],"3":[23],"4":[8],"5":[3],"6":[3],"7":[2],"8":[4],"9":[4],"10":[3],"11":[5],"12":[4],"13":[4]},"fnMap":{"0":{"name":"BaseRepository","decl":{"start":{"line":2,"column":2},"end":{"line":4,"column":3}},"loc":{"start":{"line":2,"column":2},"end":{"line":4,"column":3}},"line":2},"1":{"name":"findOne","decl":{"start":{"line":6,"column":2},"end":{"line":8,"column":3}},"loc":{"start":{"line":6,"column":2},"end":{"line":8,"column":3}},"line":6},"2":{"name":"find","decl":{"start":{"line":10,"column":2},"end":{"line":12,"column":3}},"loc":{"start":{"line":10,"column":2},"end":{"line":12,"column":3}},"line":10},"3":{"name":"findById","decl":{"start":{"line":14,"column":2},"end":{"line":16,"column":3}},"loc":{"start":{"line":14,"column":2},"end":{"line":16,"column":3}},"line":14},"4":{"name":"update","decl":{"start":{"line":18,"column":2},"end":{"line":23,"column":3}},"loc":{"start":{"line":18,"column":2},"end":{"line":23,"column":3}},"line":18},"5":{"name":"updateOne","decl":{"start":{"line":25,"column":2},"end":{"line":30,"column":3}},"loc":{"start":{"line":25,"column":2},"end":{"line":30,"column":3}},"line":25},"6":{"name":"create","decl":{"start":{"line":32,"column":2},"end":{"line":34,"column":3}},"loc":{"start":{"line":32,"column":2},"end":{"line":34,"column":3}},"line":32},"7":{"name":"delete","decl":{"start":{"line":36,"column":2},"end":{"line":38,"column":3}},"loc":{"start":{"line":36,"column":2},"end":{"line":38,"column":3}},"line":36},"8":{"name":"deleteOne","decl":{"start":{"line":40,"column":2},"end":{"line":42,"column":3}},"loc":{"start":{"line":40,"column":2},"end":{"line":42,"column":3}},"line":40},"9":{"name":"findOneAndDelete","decl":{"start":{"line":44,"column":2},"end":{"line":46,"column":3}},"loc":{"start":{"line":44,"column":2},"end":{"line":46,"column":3}},"line":44},"10":{"name":"findOneAndUpdate","decl":{"start":{"line":47,"column":2},"end":{"line":52,"column":3}},"loc":{"start":{"line":47,"column":2},"end":{"line":52,"column":3}},"line":47},"11":{"name":"findByIdAndDelete","decl":{"start":{"line":54,"column":2},"end":{"line":56,"column":3}},"loc":{"start":{"line":54,"column":2},"end":{"line":56,"column":3}},"line":54},"12":{"name":"findByIdAndUpdate","decl":{"start":{"line":58,"column":2},"end":{"line":63,"column":3}},"loc":{"start":{"line":58,"column":2},"end":{"line":63,"column":3}},"line":58}},"f":{"0":21,"1":4,"2":23,"3":8,"4":3,"5":3,"6":2,"7":4,"8":4,"9":3,"10":5,"11":4,"12":4}}
,"D:\\OYC\\.Course\\Web-App\\Hotel-Booking\\server\\src\\core\\base\\baseService.js": {"path":"D:\\OYC\\.Course\\Web-App\\Hotel-Booking\\server\\src\\core\\base\\baseService.js","all":false,"statementMap":{"0":{"start":{"line":1,"column":0},"end":{"line":1,"column":40}},"1":{"start":{"line":2,"column":0},"end":{"line":2,"column":0}},"2":{"start":{"line":3,"column":0},"end":{"line":3,"column":19}},"3":{"start":{"line":4,"column":0},"end":{"line":4,"column":27}},"4":{"start":{"line":5,"column":0},"end":{"line":5,"column":27}},"5":{"start":{"line":6,"column":0},"end":{"line":6,"column":3}},"6":{"start":{"line":7,"column":0},"end":{"line":7,"column":0}},"7":{"start":{"line":8,"column":0},"end":{"line":8,"column":67}},"8":{"start":{"line":9,"column":0},"end":{"line":9,"column":48}},"9":{"start":{"line":10,"column":0},"end":{"line":10,"column":0}},"10":{"start":{"line":11,"column":0},"end":{"line":11,"column":39}},"11":{"start":{"line":12,"column":0},"end":{"line":12,"column":57}},"12":{"start":{"line":13,"column":0},"end":{"line":13,"column":5}},"13":{"start":{"line":14,"column":0},"end":{"line":14,"column":0}},"14":{"start":{"line":15,"column":0},"end":{"line":15,"column":18}},"15":{"start":{"line":16,"column":0},"end":{"line":16,"column":3}},"16":{"start":{"line":17,"column":0},"end":{"line":17,"column":0}},"17":{"start":{"line":18,"column":0},"end":{"line":18,"column":50}},"18":{"start":{"line":19,"column":0},"end":{"line":19,"column":51}},"19":{"start":{"line":20,"column":0},"end":{"line":20,"column":0}},"20":{"start":{"line":21,"column":0},"end":{"line":21,"column":37}},"21":{"start":{"line":22,"column":0},"end":{"line":22,"column":25}},"22":{"start":{"line":23,"column":0},"end":{"line":23,"column":62}},"23":{"start":{"line":24,"column":0},"end":{"line":24,"column":11}},"24":{"start":{"line":25,"column":0},"end":{"line":25,"column":8}},"25":{"start":{"line":26,"column":0},"end":{"line":26,"column":5}},"26":{"start":{"line":27,"column":0},"end":{"line":27,"column":0}},"27":{"start":{"line":28,"column":0},"end":{"line":28,"column":19}},"28":{"start":{"line":29,"column":0},"end":{"line":29,"column":3}},"29":{"start":{"line":30,"column":0},"end":{"line":30,"column":0}},"30":{"start":{"line":31,"column":0},"end":{"line":31,"column":22}},"31":{"start":{"line":32,"column":0},"end":{"line":32,"column":53}},"32":{"start":{"line":33,"column":0},"end":{"line":33,"column":0}},"33":{"start":{"line":34,"column":0},"end":{"line":34,"column":23}},"34":{"start":{"line":35,"column":0},"end":{"line":35,"column":3}},"35":{"start":{"line":36,"column":0},"end":{"line":36,"column":0}},"36":{"start":{"line":37,"column":0},"end":{"line":37,"column":51}},"37":{"start":{"line":38,"column":0},"end":{"line":38,"column":56}},"38":{"start":{"line":39,"column":0},"end":{"line":39,"column":0}},"39":{"start":{"line":40,"column":0},"end":{"line":40,"column":35}},"40":{"start":{"line":41,"column":0},"end":{"line":41,"column":25}},"41":{"start":{"line":42,"column":0},"end":{"line":42,"column":62}},"42":{"start":{"line":43,"column":0},"end":{"line":43,"column":11}},"43":{"start":{"line":44,"column":0},"end":{"line":44,"column":8}},"44":{"start":{"line":45,"column":0},"end":{"line":45,"column":0}},"45":{"start":{"line":46,"column":0},"end":{"line":46,"column":18}},"46":{"start":{"line":47,"column":0},"end":{"line":47,"column":3}},"47":{"start":{"line":48,"column":0},"end":{"line":48,"column":0}},"48":{"start":{"line":49,"column":0},"end":{"line":49,"column":62}},"49":{"start":{"line":50,"column":0},"end":{"line":50,"column":48}},"50":{"start":{"line":51,"column":0},"end":{"line":51,"column":0}},"51":{"start":{"line":52,"column":0},"end":{"line":52,"column":32}},"52":{"start":{"line":53,"column":0},"end":{"line":53,"column":57}},"53":{"start":{"line":54,"column":0},"end":{"line":54,"column":5}},"54":{"start":{"line":55,"column":0},"end":{"line":55,"column":0}},"55":{"start":{"line":56,"column":0},"end":{"line":56,"column":18}},"56":{"start":{"line":57,"column":0},"end":{"line":57,"column":3}},"57":{"start":{"line":58,"column":0},"end":{"line":58,"column":0}},"58":{"start":{"line":59,"column":0},"end":{"line":59,"column":49}},"59":{"start":{"line":60,"column":0},"end":{"line":60,"column":63}},"60":{"start":{"line":61,"column":0},"end":{"line":61,"column":0}},"61":{"start":{"line":62,"column":0},"end":{"line":62,"column":16}},"62":{"start":{"line":63,"column":0},"end":{"line":63,"column":25}},"63":{"start":{"line":64,"column":0},"end":{"line":64,"column":62}},"64":{"start":{"line":65,"column":0},"end":{"line":65,"column":11}},"65":{"start":{"line":66,"column":0},"end":{"line":66,"column":8}},"66":{"start":{"line":67,"column":0},"end":{"line":67,"column":0}},"67":{"start":{"line":68,"column":0},"end":{"line":68,"column":18}},"68":{"start":{"line":69,"column":0},"end":{"line":69,"column":3}},"69":{"start":{"line":70,"column":0},"end":{"line":70,"column":0}},"70":{"start":{"line":71,"column":0},"end":{"line":71,"column":52}},"71":{"start":{"line":72,"column":0},"end":{"line":72,"column":58}},"72":{"start":{"line":73,"column":0},"end":{"line":73,"column":0}},"73":{"start":{"line":74,"column":0},"end":{"line":74,"column":19}},"74":{"start":{"line":75,"column":0},"end":{"line":75,"column":25}},"75":{"start":{"line":76,"column":0},"end":{"line":76,"column":62}},"76":{"start":{"line":77,"column":0},"end":{"line":77,"column":11}},"77":{"start":{"line":78,"column":0},"end":{"line":78,"column":8}},"78":{"start":{"line":79,"column":0},"end":{"line":79,"column":5}},"79":{"start":{"line":80,"column":0},"end":{"line":80,"column":0}},"80":{"start":{"line":81,"column":0},"end":{"line":81,"column":19}},"81":{"start":{"line":82,"column":0},"end":{"line":82,"column":3}},"82":{"start":{"line":83,"column":0},"end":{"line":83,"column":0}},"83":{"start":{"line":84,"column":0},"end":{"line":84,"column":70}},"84":{"start":{"line":85,"column":0},"end":{"line":85,"column":51}},"85":{"start":{"line":86,"column":0},"end":{"line":86,"column":0}},"86":{"start":{"line":87,"column":0},"end":{"line":87,"column":32}},"87":{"start":{"line":88,"column":0},"end":{"line":88,"column":57}},"88":{"start":{"line":89,"column":0},"end":{"line":89,"column":5}},"89":{"start":{"line":90,"column":0},"end":{"line":90,"column":0}},"90":{"start":{"line":91,"column":0},"end":{"line":91,"column":18}},"91":{"start":{"line":92,"column":0},"end":{"line":92,"column":3}},"92":{"start":{"line":93,"column":0},"end":{"line":93,"column":0}},"93":{"start":{"line":94,"column":0},"end":{"line":94,"column":53}},"94":{"start":{"line":95,"column":0},"end":{"line":95,"column":54}},"95":{"start":{"line":96,"column":0},"end":{"line":96,"column":0}},"96":{"start":{"line":97,"column":0},"end":{"line":97,"column":37}},"97":{"start":{"line":98,"column":0},"end":{"line":98,"column":25}},"98":{"start":{"line":99,"column":0},"end":{"line":99,"column":62}},"99":{"start":{"line":100,"column":0},"end":{"line":100,"column":11}},"100":{"start":{"line":101,"column":0},"end":{"line":101,"column":8}},"101":{"start":{"line":102,"column":0},"end":{"line":102,"column":5}},"102":{"start":{"line":103,"column":0},"end":{"line":103,"column":0}},"103":{"start":{"line":104,"column":0},"end":{"line":104,"column":19}},"104":{"start":{"line":105,"column":0},"end":{"line":105,"column":3}},"105":{"start":{"line":106,"column":0},"end":{"line":106,"column":0}},"106":{"start":{"line":107,"column":0},"end":{"line":107,"column":54}},"107":{"start":{"line":108,"column":0},"end":{"line":108,"column":59}},"108":{"start":{"line":109,"column":0},"end":{"line":109,"column":0}},"109":{"start":{"line":110,"column":0},"end":{"line":110,"column":30}},"110":{"start":{"line":111,"column":0},"end":{"line":111,"column":25}},"111":{"start":{"line":112,"column":0},"end":{"line":112,"column":62}},"112":{"start":{"line":113,"column":0},"end":{"line":113,"column":11}},"113":{"start":{"line":114,"column":0},"end":{"line":114,"column":8}},"114":{"start":{"line":115,"column":0},"end":{"line":115,"column":0}},"115":{"start":{"line":116,"column":0},"end":{"line":116,"column":18}},"116":{"start":{"line":117,"column":0},"end":{"line":117,"column":3}},"117":{"start":{"line":118,"column":0},"end":{"line":118,"column":0}},"118":{"start":{"line":119,"column":0},"end":{"line":119,"column":66}},"119":{"start":{"line":120,"column":0},"end":{"line":120,"column":66}},"120":{"start":{"line":121,"column":0},"end":{"line":121,"column":0}},"121":{"start":{"line":122,"column":0},"end":{"line":122,"column":16}},"122":{"start":{"line":123,"column":0},"end":{"line":123,"column":25}},"123":{"start":{"line":124,"column":0},"end":{"line":124,"column":62}},"124":{"start":{"line":125,"column":0},"end":{"line":125,"column":11}},"125":{"start":{"line":126,"column":0},"end":{"line":126,"column":8}},"126":{"start":{"line":127,"column":0},"end":{"line":127,"column":0}},"127":{"start":{"line":128,"column":0},"end":{"line":128,"column":18}},"128":{"start":{"line":129,"column":0},"end":{"line":129,"column":3}},"129":{"start":{"line":130,"column":0},"end":{"line":130,"column":0}},"130":{"start":{"line":131,"column":0},"end":{"line":131,"column":60}},"131":{"start":{"line":132,"column":0},"end":{"line":132,"column":60}},"132":{"start":{"line":133,"column":0},"end":{"line":133,"column":0}},"133":{"start":{"line":134,"column":0},"end":{"line":134,"column":16}},"134":{"start":{"line":135,"column":0},"end":{"line":135,"column":25}},"135":{"start":{"line":136,"column":0},"end":{"line":136,"column":62}},"136":{"start":{"line":137,"column":0},"end":{"line":137,"column":11}},"137":{"start":{"line":138,"column":0},"end":{"line":138,"column":8}},"138":{"start":{"line":139,"column":0},"end":{"line":139,"column":0}},"139":{"start":{"line":140,"column":0},"end":{"line":140,"column":18}},"140":{"start":{"line":141,"column":0},"end":{"line":141,"column":3}},"141":{"start":{"line":142,"column":0},"end":{"line":142,"column":1}},"142":{"start":{"line":143,"column":0},"end":{"line":143,"column":0}},"143":{"start":{"line":144,"column":0},"end":{"line":144,"column":29}}},"s":{"0":7,"1":7,"2":7,"3":7,"4":29,"5":29,"6":7,"7":7,"8":6,"9":6,"10":6,"11":0,"12":0,"13":6,"14":6,"15":6,"16":7,"17":7,"18":3,"19":3,"20":3,"21":2,"22":2,"23":2,"24":2,"25":2,"26":1,"27":1,"28":3,"29":7,"30":7,"31":3,"32":2,"33":2,"34":3,"35":7,"36":7,"37":2,"38":2,"39":2,"40":2,"41":1,"42":1,"43":1,"44":1,"45":1,"46":2,"47":7,"48":7,"49":2,"50":2,"51":2,"52":0,"53":0,"54":2,"55":2,"56":2,"57":7,"58":7,"59":2,"60":2,"61":2,"62":2,"63":1,"64":1,"65":1,"66":1,"67":1,"68":2,"69":7,"70":7,"71":2,"72":2,"73":2,"74":1,"75":1,"76":1,"77":1,"78":1,"79":1,"80":1,"81":2,"82":7,"83":7,"84":2,"85":2,"86":2,"87":0,"88":0,"89":2,"90":2,"91":2,"92":7,"93":7,"94":3,"95":3,"96":3,"97":1,"98":1,"99":1,"100":1,"101":1,"102":2,"103":2,"104":3,"105":7,"106":7,"107":2,"108":2,"109":2,"110":2,"111":1,"112":1,"113":1,"114":1,"115":1,"116":2,"117":7,"118":7,"119":4,"120":4,"121":4,"122":4,"123":2,"124":2,"125":2,"126":2,"127":2,"128":4,"129":7,"130":7,"131":2,"132":2,"133":2,"134":2,"135":1,"136":1,"137":1,"138":1,"139":1,"140":2,"141":7,"142":7,"143":7},"branchMap":{"0":{"type":"branch","line":1,"loc":{"start":{"line":1,"column":0},"end":{"line":144,"column":29}},"locations":[{"start":{"line":1,"column":0},"end":{"line":144,"column":29}}]},"1":{"type":"branch","line":4,"loc":{"start":{"line":4,"column":2},"end":{"line":6,"column":3}},"locations":[{"start":{"line":4,"column":2},"end":{"line":6,"column":3}}]},"2":{"type":"branch","line":8,"loc":{"start":{"line":8,"column":2},"end":{"line":16,"column":3}},"locations":[{"start":{"line":8,"column":2},"end":{"line":16,"column":3}}]},"3":{"type":"branch","line":11,"loc":{"start":{"line":11,"column":19},"end":{"line":11,"column":36}},"locations":[{"start":{"line":11,"column":19},"end":{"line":11,"column":36}}]},"4":{"type":"branch","line":11,"loc":{"start":{"line":11,"column":38},"end":{"line":13,"column":5}},"locations":[{"start":{"line":11,"column":38},"end":{"line":13,"column":5}}]},"5":{"type":"branch","line":18,"loc":{"start":{"line":18,"column":2},"end":{"line":29,"column":3}},"locations":[{"start":{"line":18,"column":2},"end":{"line":29,"column":3}}]},"6":{"type":"branch","line":21,"loc":{"start":{"line":21,"column":36},"end":{"line":26,"column":5}},"locations":[{"start":{"line":21,"column":36},"end":{"line":26,"column":5}}]},"7":{"type":"branch","line":27,"loc":{"start":{"line":27,"column":-2},"end":{"line":29,"column":2}},"locations":[{"start":{"line":27,"column":-2},"end":{"line":29,"column":2}}]},"8":{"type":"branch","line":31,"loc":{"start":{"line":31,"column":2},"end":{"line":35,"column":3}},"locations":[{"start":{"line":31,"column":2},"end":{"line":35,"column":3}}]},"9":{"type":"branch","line":33,"loc":{"start":{"line":33,"column":-2},"end":{"line":35,"column":2}},"locations":[{"start":{"line":33,"column":-2},"end":{"line":35,"column":2}}]},"10":{"type":"branch","line":37,"loc":{"start":{"line":37,"column":2},"end":{"line":47,"column":3}},"locations":[{"start":{"line":37,"column":2},"end":{"line":47,"column":3}}]},"11":{"type":"branch","line":41,"loc":{"start":{"line":41,"column":6},"end":{"line":47,"column":2}},"locations":[{"start":{"line":41,"column":6},"end":{"line":47,"column":2}}]},"12":{"type":"branch","line":49,"loc":{"start":{"line":49,"column":2},"end":{"line":57,"column":3}},"locations":[{"start":{"line":49,"column":2},"end":{"line":57,"column":3}}]},"13":{"type":"branch","line":52,"loc":{"start":{"line":52,"column":19},"end":{"line":52,"column":29}},"locations":[{"start":{"line":52,"column":19},"end":{"line":52,"column":29}}]},"14":{"type":"branch","line":52,"loc":{"start":{"line":52,"column":31},"end":{"line":54,"column":5}},"locations":[{"start":{"line":52,"column":31},"end":{"line":54,"column":5}}]},"15":{"type":"branch","line":59,"loc":{"start":{"line":59,"column":2},"end":{"line":69,"column":3}},"locations":[{"start":{"line":59,"column":2},"end":{"line":69,"column":3}}]},"16":{"type":"branch","line":63,"loc":{"start":{"line":63,"column":6},"end":{"line":69,"column":2}},"locations":[{"start":{"line":63,"column":6},"end":{"line":69,"column":2}}]},"17":{"type":"branch","line":71,"loc":{"start":{"line":71,"column":2},"end":{"line":82,"column":3}},"locations":[{"start":{"line":71,"column":2},"end":{"line":82,"column":3}}]},"18":{"type":"branch","line":74,"loc":{"start":{"line":74,"column":18},"end":{"line":82,"column":2}},"locations":[{"start":{"line":74,"column":18},"end":{"line":82,"column":2}}]},"19":{"type":"branch","line":84,"loc":{"start":{"line":84,"column":2},"end":{"line":92,"column":3}},"locations":[{"start":{"line":84,"column":2},"end":{"line":92,"column":3}}]},"20":{"type":"branch","line":87,"loc":{"start":{"line":87,"column":19},"end":{"line":87,"column":29}},"locations":[{"start":{"line":87,"column":19},"end":{"line":87,"column":29}}]},"21":{"type":"branch","line":87,"loc":{"start":{"line":87,"column":31},"end":{"line":89,"column":5}},"locations":[{"start":{"line":87,"column":31},"end":{"line":89,"column":5}}]},"22":{"type":"branch","line":94,"loc":{"start":{"line":94,"column":2},"end":{"line":105,"column":3}},"locations":[{"start":{"line":94,"column":2},"end":{"line":105,"column":3}}]},"23":{"type":"branch","line":97,"loc":{"start":{"line":97,"column":36},"end":{"line":105,"column":2}},"locations":[{"start":{"line":97,"column":36},"end":{"line":105,"column":2}}]},"24":{"type":"branch","line":97,"loc":{"start":{"line":97,"column":36},"end":{"line":102,"column":5}},"locations":[{"start":{"line":97,"column":36},"end":{"line":102,"column":5}}]},"25":{"type":"branch","line":107,"loc":{"start":{"line":107,"column":2},"end":{"line":117,"column":3}},"locations":[{"start":{"line":107,"column":2},"end":{"line":117,"column":3}}]},"26":{"type":"branch","line":111,"loc":{"start":{"line":111,"column":6},"end":{"line":117,"column":2}},"locations":[{"start":{"line":111,"column":6},"end":{"line":117,"column":2}}]},"27":{"type":"branch","line":119,"loc":{"start":{"line":119,"column":2},"end":{"line":129,"column":3}},"locations":[{"start":{"line":119,"column":2},"end":{"line":129,"column":3}}]},"28":{"type":"branch","line":123,"loc":{"start":{"line":123,"column":6},"end":{"line":129,"column":2}},"locations":[{"start":{"line":123,"column":6},"end":{"line":129,"column":2}}]},"29":{"type":"branch","line":131,"loc":{"start":{"line":131,"column":2},"end":{"line":141,"column":3}},"locations":[{"start":{"line":131,"column":2},"end":{"line":141,"column":3}}]},"30":{"type":"branch","line":135,"loc":{"start":{"line":135,"column":6},"end":{"line":141,"column":2}},"locations":[{"start":{"line":135,"column":6},"end":{"line":141,"column":2}}]}},"b":{"0":[7],"1":[29],"2":[6],"3":[4],"4":[0],"5":[3],"6":[2],"7":[1],"8":[3],"9":[2],"10":[2],"11":[1],"12":[2],"13":[0],"14":[0],"15":[2],"16":[1],"17":[2],"18":[1],"19":[2],"20":[0],"21":[0],"22":[3],"23":[2],"24":[1],"25":[2],"26":[1],"27":[4],"28":[2],"29":[2],"30":[1]},"fnMap":{"0":{"name":"BaseService","decl":{"start":{"line":4,"column":2},"end":{"line":6,"column":3}},"loc":{"start":{"line":4,"column":2},"end":{"line":6,"column":3}},"line":4},"1":{"name":"find","decl":{"start":{"line":8,"column":2},"end":{"line":16,"column":3}},"loc":{"start":{"line":8,"column":2},"end":{"line":16,"column":3}},"line":8},"2":{"name":"delete","decl":{"start":{"line":18,"column":2},"end":{"line":29,"column":3}},"loc":{"start":{"line":18,"column":2},"end":{"line":29,"column":3}},"line":18},"3":{"name":"create","decl":{"start":{"line":31,"column":2},"end":{"line":35,"column":3}},"loc":{"start":{"line":31,"column":2},"end":{"line":35,"column":3}},"line":31},"4":{"name":"update","decl":{"start":{"line":37,"column":2},"end":{"line":47,"column":3}},"loc":{"start":{"line":37,"column":2},"end":{"line":47,"column":3}},"line":37},"5":{"name":"findById","decl":{"start":{"line":49,"column":2},"end":{"line":57,"column":3}},"loc":{"start":{"line":49,"column":2},"end":{"line":57,"column":3}},"line":49},"6":{"name":"findByIdAndUpdate","decl":{"start":{"line":59,"column":2},"end":{"line":69,"column":3}},"loc":{"start":{"line":59,"column":2},"end":{"line":69,"column":3}},"line":59},"7":{"name":"findByIdAndDelete","decl":{"start":{"line":71,"column":2},"end":{"line":82,"column":3}},"loc":{"start":{"line":71,"column":2},"end":{"line":82,"column":3}},"line":71},"8":{"name":"findOne","decl":{"start":{"line":84,"column":2},"end":{"line":92,"column":3}},"loc":{"start":{"line":84,"column":2},"end":{"line":92,"column":3}},"line":84},"9":{"name":"deleteOne","decl":{"start":{"line":94,"column":2},"end":{"line":105,"column":3}},"loc":{"start":{"line":94,"column":2},"end":{"line":105,"column":3}},"line":94},"10":{"name":"updateOne","decl":{"start":{"line":107,"column":2},"end":{"line":117,"column":3}},"loc":{"start":{"line":107,"column":2},"end":{"line":117,"column":3}},"line":107},"11":{"name":"findOneAndUpdate","decl":{"start":{"line":119,"column":2},"end":{"line":129,"column":3}},"loc":{"start":{"line":119,"column":2},"end":{"line":129,"column":3}},"line":119},"12":{"name":"findOneAndDelete","decl":{"start":{"line":131,"column":2},"end":{"line":141,"column":3}},"loc":{"start":{"line":131,"column":2},"end":{"line":141,"column":3}},"line":131}},"f":{"0":29,"1":6,"2":3,"3":3,"4":2,"5":2,"6":2,"7":2,"8":2,"9":3,"10":2,"11":4,"12":2}}
,"D:\\OYC\\.Course\\Web-App\\Hotel-Booking\\server\\src\\middlewares\\globalErrorHandler.js": {"path":"D:\\OYC\\.Course\\Web-App\\Hotel-Booking\\server\\src\\middlewares\\globalErrorHandler.js","all":false,"statementMap":{"0":{"start":{"line":1,"column":0},"end":{"line":1,"column":36}},"1":{"start":{"line":2,"column":0},"end":{"line":2,"column":45}},"2":{"start":{"line":3,"column":0},"end":{"line":3,"column":63}},"3":{"start":{"line":4,"column":0},"end":{"line":4,"column":0}},"4":{"start":{"line":5,"column":0},"end":{"line":5,"column":36}},"5":{"start":{"line":6,"column":0},"end":{"line":6,"column":55}},"6":{"start":{"line":7,"column":0},"end":{"line":7,"column":36}},"7":{"start":{"line":8,"column":0},"end":{"line":8,"column":2}},"8":{"start":{"line":9,"column":0},"end":{"line":9,"column":0}},"9":{"start":{"line":10,"column":0},"end":{"line":10,"column":41}},"10":{"start":{"line":11,"column":0},"end":{"line":11,"column":69}},"11":{"start":{"line":12,"column":0},"end":{"line":12,"column":0}},"12":{"start":{"line":13,"column":0},"end":{"line":13,"column":61}},"13":{"start":{"line":14,"column":0},"end":{"line":14,"column":36}},"14":{"start":{"line":15,"column":0},"end":{"line":15,"column":2}},"15":{"start":{"line":16,"column":0},"end":{"line":16,"column":0}},"16":{"start":{"line":17,"column":0},"end":{"line":17,"column":41}},"17":{"start":{"line":18,"column":0},"end":{"line":18,"column":34}},"18":{"start":{"line":19,"column":0},"end":{"line":19,"column":79}},"19":{"start":{"line":20,"column":0},"end":{"line":20,"column":36}},"20":{"start":{"line":21,"column":0},"end":{"line":21,"column":2}},"21":{"start":{"line":22,"column":0},"end":{"line":22,"column":0}},"22":{"start":{"line":23,"column":0},"end":{"line":23,"column":36}},"23":{"start":{"line":24,"column":0},"end":{"line":24,"column":35}},"24":{"start":{"line":25,"column":0},"end":{"line":25,"column":23}},"25":{"start":{"line":26,"column":0},"end":{"line":26,"column":15}},"26":{"start":{"line":27,"column":0},"end":{"line":27,"column":25}},"27":{"start":{"line":28,"column":0},"end":{"line":28,"column":21}},"28":{"start":{"line":29,"column":0},"end":{"line":29,"column":5}},"29":{"start":{"line":30,"column":0},"end":{"line":30,"column":2}},"30":{"start":{"line":31,"column":0},"end":{"line":31,"column":0}},"31":{"start":{"line":32,"column":0},"end":{"line":32,"column":37}},"32":{"start":{"line":33,"column":0},"end":{"line":33,"column":55}},"33":{"start":{"line":34,"column":0},"end":{"line":34,"column":27}},"34":{"start":{"line":35,"column":0},"end":{"line":35,"column":31}},"35":{"start":{"line":36,"column":0},"end":{"line":36,"column":76}},"36":{"start":{"line":37,"column":0},"end":{"line":37,"column":5}},"37":{"start":{"line":38,"column":0},"end":{"line":38,"column":0}},"38":{"start":{"line":39,"column":0},"end":{"line":39,"column":75}},"39":{"start":{"line":40,"column":0},"end":{"line":40,"column":0}},"40":{"start":{"line":41,"column":0},"end":{"line":41,"column":67}},"41":{"start":{"line":42,"column":0},"end":{"line":42,"column":10}},"42":{"start":{"line":43,"column":0},"end":{"line":43,"column":19}},"43":{"start":{"line":44,"column":0},"end":{"line":44,"column":35}},"44":{"start":{"line":45,"column":0},"end":{"line":45,"column":0}},"45":{"start":{"line":46,"column":0},"end":{"line":46,"column":30}},"46":{"start":{"line":47,"column":0},"end":{"line":47,"column":69}},"47":{"start":{"line":48,"column":0},"end":{"line":48,"column":3}},"48":{"start":{"line":49,"column":0},"end":{"line":49,"column":2}},"49":{"start":{"line":50,"column":0},"end":{"line":50,"column":0}},"50":{"start":{"line":51,"column":0},"end":{"line":51,"column":30}},"51":{"start":{"line":52,"column":0},"end":{"line":52,"column":44}},"52":{"start":{"line":53,"column":0},"end":{"line":53,"column":1}},"53":{"start":{"line":54,"column":0},"end":{"line":54,"column":0}},"54":{"start":{"line":55,"column":0},"end":{"line":55,"column":30}},"55":{"start":{"line":56,"column":0},"end":{"line":56,"column":47}},"56":{"start":{"line":57,"column":0},"end":{"line":57,"column":1}},"57":{"start":{"line":58,"column":0},"end":{"line":58,"column":0}},"58":{"start":{"line":59,"column":0},"end":{"line":59,"column":32}},"59":{"start":{"line":60,"column":0},"end":{"line":60,"column":58}},"60":{"start":{"line":61,"column":0},"end":{"line":61,"column":0}},"61":{"start":{"line":62,"column":0},"end":{"line":62,"column":43}},"62":{"start":{"line":63,"column":0},"end":{"line":63,"column":41}},"63":{"start":{"line":64,"column":0},"end":{"line":64,"column":37}},"64":{"start":{"line":65,"column":0},"end":{"line":65,"column":47}},"65":{"start":{"line":66,"column":0},"end":{"line":66,"column":27}},"66":{"start":{"line":67,"column":0},"end":{"line":67,"column":10}},"67":{"start":{"line":68,"column":0},"end":{"line":68,"column":21}},"68":{"start":{"line":69,"column":0},"end":{"line":69,"column":0}},"69":{"start":{"line":70,"column":0},"end":{"line":70,"column":63}},"70":{"start":{"line":71,"column":0},"end":{"line":71,"column":62}},"71":{"start":{"line":72,"column":0},"end":{"line":72,"column":74}},"72":{"start":{"line":73,"column":0},"end":{"line":73,"column":68}},"73":{"start":{"line":74,"column":0},"end":{"line":74,"column":69}},"74":{"start":{"line":75,"column":0},"end":{"line":75,"column":59}},"75":{"start":{"line":76,"column":0},"end":{"line":76,"column":0}},"76":{"start":{"line":77,"column":0},"end":{"line":77,"column":28}},"77":{"start":{"line":78,"column":0},"end":{"line":78,"column":3}},"78":{"start":{"line":79,"column":0},"end":{"line":79,"column":2}}},"s":{"0":6,"1":6,"2":6,"3":6,"4":6,"5":0,"6":0,"7":6,"8":6,"9":6,"10":0,"11":0,"12":0,"13":0,"14":6,"15":6,"16":6,"17":1,"18":1,"19":1,"20":6,"21":6,"22":6,"23":0,"24":0,"25":0,"26":0,"27":0,"28":0,"29":6,"30":6,"31":6,"32":5,"33":5,"34":5,"35":5,"36":5,"37":0,"38":0,"39":0,"40":0,"41":0,"42":0,"43":0,"44":0,"45":0,"46":0,"47":0,"48":6,"49":6,"50":0,"51":0,"52":0,"53":6,"54":1,"55":1,"56":1,"57":6,"58":6,"59":6,"60":6,"61":6,"62":5,"63":5,"64":5,"65":0,"66":5,"67":5,"68":5,"69":5,"70":5,"71":5,"72":5,"73":5,"74":5,"75":5,"76":5,"77":5,"78":6},"branchMap":{"0":{"type":"branch","line":1,"loc":{"start":{"line":1,"column":0},"end":{"line":79,"column":2}},"locations":[{"start":{"line":1,"column":0},"end":{"line":79,"column":2}}]},"1":{"type":"branch","line":17,"loc":{"start":{"line":17,"column":31},"end":{"line":21,"column":1}},"locations":[{"start":{"line":17,"column":31},"end":{"line":21,"column":1}}]},"2":{"type":"branch","line":32,"loc":{"start":{"line":32,"column":22},"end":{"line":49,"column":1}},"locations":[{"start":{"line":32,"column":22},"end":{"line":49,"column":1}}]},"3":{"type":"branch","line":38,"loc":{"start":{"line":38,"column":-2},"end":{"line":48,"column":3}},"locations":[{"start":{"line":38,"column":-2},"end":{"line":48,"column":3}}]},"4":{"type":"branch","line":55,"loc":{"start":{"line":55,"column":0},"end":{"line":57,"column":1}},"locations":[{"start":{"line":55,"column":0},"end":{"line":57,"column":1}}]},"5":{"type":"branch","line":62,"loc":{"start":{"line":62,"column":17},"end":{"line":79,"column":1}},"locations":[{"start":{"line":62,"column":17},"end":{"line":79,"column":1}}]},"6":{"type":"branch","line":63,"loc":{"start":{"line":63,"column":34},"end":{"line":63,"column":40}},"locations":[{"start":{"line":63,"column":34},"end":{"line":63,"column":40}}]},"7":{"type":"branch","line":64,"loc":{"start":{"line":64,"column":26},"end":{"line":64,"column":36}},"locations":[{"start":{"line":64,"column":26},"end":{"line":64,"column":36}}]},"8":{"type":"branch","line":65,"loc":{"start":{"line":65,"column":46},"end":{"line":67,"column":3}},"locations":[{"start":{"line":65,"column":46},"end":{"line":67,"column":3}}]},"9":{"type":"branch","line":70,"loc":{"start":{"line":70,"column":34},"end":{"line":70,"column":63}},"locations":[{"start":{"line":70,"column":34},"end":{"line":70,"column":63}}]},"10":{"type":"branch","line":71,"loc":{"start":{"line":71,"column":28},"end":{"line":71,"column":62}},"locations":[{"start":{"line":71,"column":28},"end":{"line":71,"column":62}}]},"11":{"type":"branch","line":72,"loc":{"start":{"line":72,"column":40},"end":{"line":72,"column":74}},"locations":[{"start":{"line":72,"column":40},"end":{"line":72,"column":74}}]},"12":{"type":"branch","line":73,"loc":{"start":{"line":73,"column":42},"end":{"line":73,"column":68}},"locations":[{"start":{"line":73,"column":42},"end":{"line":73,"column":68}}]},"13":{"type":"branch","line":74,"loc":{"start":{"line":74,"column":42},"end":{"line":74,"column":69}},"locations":[{"start":{"line":74,"column":42},"end":{"line":74,"column":69}}]},"14":{"type":"branch","line":75,"loc":{"start":{"line":75,"column":33},"end":{"line":75,"column":59}},"locations":[{"start":{"line":75,"column":33},"end":{"line":75,"column":59}}]}},"b":{"0":[6],"1":[1],"2":[5],"3":[0],"4":[1],"5":[5],"6":[2],"7":[2],"8":[0],"9":[0],"10":[1],"11":[0],"12":[0],"13":[0],"14":[1]},"fnMap":{"0":{"name":"handleCastErrorDB","decl":{"start":{"line":5,"column":26},"end":{"line":8,"column":1}},"loc":{"start":{"line":5,"column":26},"end":{"line":8,"column":1}},"line":5},"1":{"name":"handleValdationErrorDB","decl":{"start":{"line":10,"column":31},"end":{"line":15,"column":1}},"loc":{"start":{"line":10,"column":31},"end":{"line":15,"column":1}},"line":10},"2":{"name":"handleDuplicateFieldDB","decl":{"start":{"line":17,"column":31},"end":{"line":21,"column":1}},"loc":{"start":{"line":17,"column":31},"end":{"line":21,"column":1}},"line":17},"3":{"name":"sendErrorDev","decl":{"start":{"line":23,"column":21},"end":{"line":30,"column":1}},"loc":{"start":{"line":23,"column":21},"end":{"line":30,"column":1}},"line":23},"4":{"name":"sendErrorProd","decl":{"start":{"line":32,"column":22},"end":{"line":49,"column":1}},"loc":{"start":{"line":32,"column":22},"end":{"line":49,"column":1}},"line":32},"5":{"name":"handleJWTToken","decl":{"start":{"line":51,"column":0},"end":{"line":53,"column":1}},"loc":{"start":{"line":51,"column":0},"end":{"line":53,"column":1}},"line":51},"6":{"name":"handleZodError","decl":{"start":{"line":55,"column":0},"end":{"line":57,"column":1}},"loc":{"start":{"line":55,"column":0},"end":{"line":57,"column":1}},"line":55},"7":{"name":"TokenExpiration","decl":{"start":{"line":59,"column":24},"end":{"line":60,"column":57}},"loc":{"start":{"line":59,"column":24},"end":{"line":60,"column":57}},"line":59},"8":{"name":"module.exports","decl":{"start":{"line":62,"column":17},"end":{"line":79,"column":1}},"loc":{"start":{"line":62,"column":17},"end":{"line":79,"column":1}},"line":62}},"f":{"0":0,"1":0,"2":1,"3":0,"4":5,"5":0,"6":1,"7":0,"8":5}}
,"D:\\OYC\\.Course\\Web-App\\Hotel-Booking\\server\\src\\middlewares\\notFoundError.js": {"path":"D:\\OYC\\.Course\\Web-App\\Hotel-Booking\\server\\src\\middlewares\\notFoundError.js","all":false,"statementMap":{"0":{"start":{"line":1,"column":0},"end":{"line":1,"column":45}},"1":{"start":{"line":2,"column":0},"end":{"line":2,"column":0}},"2":{"start":{"line":3,"column":0},"end":{"line":3,"column":38}},"3":{"start":{"line":4,"column":0},"end":{"line":4,"column":74}},"4":{"start":{"line":5,"column":0},"end":{"line":5,"column":2}}},"s":{"0":6,"1":6,"2":6,"3":1,"4":6},"branchMap":{"0":{"type":"branch","line":1,"loc":{"start":{"line":1,"column":0},"end":{"line":5,"column":2}},"locations":[{"start":{"line":1,"column":0},"end":{"line":5,"column":2}}]},"1":{"type":"branch","line":3,"loc":{"start":{"line":3,"column":17},"end":{"line":5,"column":1}},"locations":[{"start":{"line":3,"column":17},"end":{"line":5,"column":1}}]}},"b":{"0":[6],"1":[1]},"fnMap":{"0":{"name":"module.exports","decl":{"start":{"line":3,"column":17},"end":{"line":5,"column":1}},"loc":{"start":{"line":3,"column":17},"end":{"line":5,"column":1}},"line":3}},"f":{"0":1}}
,"D:\\OYC\\.Course\\Web-App\\Hotel-Booking\\server\\src\\middlewares\\protectedRoutes.js": {"path":"D:\\OYC\\.Course\\Web-App\\Hotel-Booking\\server\\src\\middlewares\\protectedRoutes.js","all":false,"statementMap":{"0":{"start":{"line":1,"column":0},"end":{"line":1,"column":36}},"1":{"start":{"line":2,"column":0},"end":{"line":2,"column":45}},"2":{"start":{"line":3,"column":0},"end":{"line":3,"column":0}},"3":{"start":{"line":4,"column":0},"end":{"line":4,"column":38}},"4":{"start":{"line":5,"column":0},"end":{"line":5,"column":66}},"5":{"start":{"line":6,"column":0},"end":{"line":6,"column":51}},"6":{"start":{"line":7,"column":0},"end":{"line":7,"column":0}},"7":{"start":{"line":8,"column":0},"end":{"line":8,"column":79}},"8":{"start":{"line":9,"column":0},"end":{"line":9,"column":0}},"9":{"start":{"line":10,"column":0},"end":{"line":10,"column":7}},"10":{"start":{"line":11,"column":0},"end":{"line":11,"column":68}},"11":{"start":{"line":12,"column":0},"end":{"line":12,"column":25}},"12":{"start":{"line":13,"column":0},"end":{"line":13,"column":28}},"13":{"start":{"line":14,"column":0},"end":{"line":14,"column":11}},"14":{"start":{"line":15,"column":0},"end":{"line":15,"column":17}},"15":{"start":{"line":16,"column":0},"end":{"line":16,"column":65}},"16":{"start":{"line":17,"column":0},"end":{"line":17,"column":0}},"17":{"start":{"line":18,"column":0},"end":{"line":18,"column":69}},"18":{"start":{"line":19,"column":0},"end":{"line":19,"column":72}},"19":{"start":{"line":20,"column":0},"end":{"line":20,"column":23}},"20":{"start":{"line":21,"column":0},"end":{"line":21,"column":7}},"21":{"start":{"line":22,"column":0},"end":{"line":22,"column":0}},"22":{"start":{"line":23,"column":0},"end":{"line":23,"column":63}},"23":{"start":{"line":24,"column":0},"end":{"line":24,"column":28}},"24":{"start":{"line":25,"column":0},"end":{"line":25,"column":11}},"25":{"start":{"line":26,"column":0},"end":{"line":26,"column":3}},"26":{"start":{"line":27,"column":0},"end":{"line":27,"column":2}}},"s":{"0":6,"1":6,"2":6,"3":6,"4":7,"5":7,"6":7,"7":7,"8":7,"9":7,"10":7,"11":7,"12":7,"13":7,"14":7,"15":0,"16":0,"17":0,"18":0,"19":0,"20":0,"21":0,"22":0,"23":0,"24":0,"25":0,"26":6},"branchMap":{"0":{"type":"branch","line":1,"loc":{"start":{"line":1,"column":0},"end":{"line":27,"column":2}},"locations":[{"start":{"line":1,"column":0},"end":{"line":27,"column":2}}]},"1":{"type":"branch","line":4,"loc":{"start":{"line":4,"column":17},"end":{"line":27,"column":1}},"locations":[{"start":{"line":4,"column":17},"end":{"line":27,"column":1}}]},"2":{"type":"branch","line":8,"loc":{"start":{"line":8,"column":19},"end":{"line":8,"column":35}},"locations":[{"start":{"line":8,"column":19},"end":{"line":8,"column":35}}]},"3":{"type":"branch","line":8,"loc":{"start":{"line":8,"column":37},"end":{"line":8,"column":79}},"locations":[{"start":{"line":8,"column":37},"end":{"line":8,"column":79}}]},"4":{"type":"branch","line":15,"loc":{"start":{"line":15,"column":4},"end":{"line":26,"column":3}},"locations":[{"start":{"line":15,"column":4},"end":{"line":26,"column":3}}]}},"b":{"0":[6],"1":[7],"2":[0],"3":[0],"4":[0]},"fnMap":{"0":{"name":"module.exports","decl":{"start":{"line":4,"column":17},"end":{"line":27,"column":1}},"loc":{"start":{"line":4,"column":17},"end":{"line":27,"column":1}},"line":4}},"f":{"0":7}}
,"D:\\OYC\\.Course\\Web-App\\Hotel-Booking\\server\\src\\middlewares\\validationMiddleware.js": {"path":"D:\\OYC\\.Course\\Web-App\\Hotel-Booking\\server\\src\\middlewares\\validationMiddleware.js","all":false,"statementMap":{"0":{"start":{"line":1,"column":0},"end":{"line":1,"column":56}},"1":{"start":{"line":2,"column":0},"end":{"line":2,"column":44}},"2":{"start":{"line":3,"column":0},"end":{"line":3,"column":0}},"3":{"start":{"line":4,"column":0},"end":{"line":4,"column":18}},"4":{"start":{"line":5,"column":0},"end":{"line":5,"column":9}},"5":{"start":{"line":6,"column":0},"end":{"line":6,"column":2}}},"s":{"0":7,"1":7,"2":5,"3":5,"4":5,"5":7},"branchMap":{"0":{"type":"branch","line":1,"loc":{"start":{"line":1,"column":0},"end":{"line":6,"column":2}},"locations":[{"start":{"line":1,"column":0},"end":{"line":6,"column":2}}]},"1":{"type":"branch","line":1,"loc":{"start":{"line":1,"column":17},"end":{"line":6,"column":1}},"locations":[{"start":{"line":1,"column":17},"end":{"line":6,"column":1}}]},"2":{"type":"branch","line":1,"loc":{"start":{"line":1,"column":29},"end":{"line":6,"column":1}},"locations":[{"start":{"line":1,"column":29},"end":{"line":6,"column":1}}]},"3":{"type":"branch","line":3,"loc":{"start":{"line":3,"column":-2},"end":{"line":6,"column":0}},"locations":[{"start":{"line":3,"column":-2},"end":{"line":6,"column":0}}]}},"b":{"0":[7],"1":[14],"2":[7],"3":[5]},"fnMap":{"0":{"name":"module.exports","decl":{"start":{"line":1,"column":17},"end":{"line":6,"column":1}},"loc":{"start":{"line":1,"column":17},"end":{"line":6,"column":1}},"line":1}},"f":{"0":14}}
,"D:\\OYC\\.Course\\Web-App\\Hotel-Booking\\server\\src\\models\\room.js": {"path":"D:\\OYC\\.Course\\Web-App\\Hotel-Booking\\server\\src\\models\\room.js","all":false,"statementMap":{"0":{"start":{"line":1,"column":0},"end":{"line":1,"column":50}},"1":{"start":{"line":2,"column":0},"end":{"line":2,"column":0}},"2":{"start":{"line":3,"column":0},"end":{"line":3,"column":39}},"3":{"start":{"line":4,"column":0},"end":{"line":4,"column":3}},"4":{"start":{"line":5,"column":0},"end":{"line":5,"column":11}},"5":{"start":{"line":6,"column":0},"end":{"line":6,"column":19}},"6":{"start":{"line":7,"column":0},"end":{"line":7,"column":21}},"7":{"start":{"line":8,"column":0},"end":{"line":8,"column":19}},"8":{"start":{"line":9,"column":0},"end":{"line":9,"column":61}},"9":{"start":{"line":10,"column":0},"end":{"line":10,"column":59}},"10":{"start":{"line":11,"column":0},"end":{"line":11,"column":6}},"11":{"start":{"line":12,"column":0},"end":{"line":12,"column":18}},"12":{"start":{"line":13,"column":0},"end":{"line":13,"column":19}},"13":{"start":{"line":14,"column":0},"end":{"line":14,"column":21}},"14":{"start":{"line":15,"column":0},"end":{"line":15,"column":19}},"15":{"start":{"line":16,"column":0},"end":{"line":16,"column":68}},"16":{"start":{"line":17,"column":0},"end":{"line":17,"column":67}},"17":{"start":{"line":18,"column":0},"end":{"line":18,"column":6}},"18":{"start":{"line":19,"column":0},"end":{"line":19,"column":16}},"19":{"start":{"line":20,"column":0},"end":{"line":20,"column":19}},"20":{"start":{"line":21,"column":0},"end":{"line":21,"column":21}},"21":{"start":{"line":22,"column":0},"end":{"line":22,"column":6}},"22":{"start":{"line":23,"column":0},"end":{"line":23,"column":13}},"23":{"start":{"line":24,"column":0},"end":{"line":24,"column":21}},"24":{"start":{"line":25,"column":0},"end":{"line":25,"column":21}},"25":{"start":{"line":26,"column":0},"end":{"line":26,"column":6}},"26":{"start":{"line":27,"column":0},"end":{"line":27,"column":18}},"27":{"start":{"line":28,"column":0},"end":{"line":28,"column":20}},"28":{"start":{"line":29,"column":0},"end":{"line":29,"column":21}},"29":{"start":{"line":30,"column":0},"end":{"line":30,"column":20}},"30":{"start":{"line":31,"column":0},"end":{"line":31,"column":6}},"31":{"start":{"line":32,"column":0},"end":{"line":32,"column":15}},"32":{"start":{"line":33,"column":0},"end":{"line":33,"column":13}},"33":{"start":{"line":34,"column":0},"end":{"line":34,"column":33}},"34":{"start":{"line":35,"column":0},"end":{"line":35,"column":32}},"35":{"start":{"line":36,"column":0},"end":{"line":36,"column":8}},"36":{"start":{"line":37,"column":0},"end":{"line":37,"column":21}},"37":{"start":{"line":38,"column":0},"end":{"line":38,"column":6}},"38":{"start":{"line":39,"column":0},"end":{"line":39,"column":21}},"39":{"start":{"line":40,"column":0},"end":{"line":40,"column":20}},"40":{"start":{"line":41,"column":0},"end":{"line":41,"column":19}},"41":{"start":{"line":42,"column":0},"end":{"line":42,"column":14}},"42":{"start":{"line":43,"column":0},"end":{"line":43,"column":21}},"43":{"start":{"line":44,"column":0},"end":{"line":44,"column":6}},"44":{"start":{"line":45,"column":0},"end":{"line":45,"column":15}},"45":{"start":{"line":46,"column":0},"end":{"line":46,"column":66}},"46":{"start":{"line":47,"column":0},"end":{"line":47,"column":45}},"47":{"start":{"line":48,"column":0},"end":{"line":48,"column":48}},"48":{"start":{"line":49,"column":0},"end":{"line":49,"column":6}},"49":{"start":{"line":50,"column":0},"end":{"line":50,"column":13}},"50":{"start":{"line":51,"column":0},"end":{"line":51,"column":19}},"51":{"start":{"line":52,"column":0},"end":{"line":52,"column":21}},"52":{"start":{"line":53,"column":0},"end":{"line":53,"column":17}},"53":{"start":{"line":54,"column":0},"end":{"line":54,"column":46}},"54":{"start":{"line":55,"column":0},"end":{"line":55,"column":47}},"55":{"start":{"line":56,"column":0},"end":{"line":56,"column":6}},"56":{"start":{"line":57,"column":0},"end":{"line":57,"column":19}},"57":{"start":{"line":58,"column":0},"end":{"line":58,"column":19}},"58":{"start":{"line":59,"column":0},"end":{"line":59,"column":21}},"59":{"start":{"line":60,"column":0},"end":{"line":60,"column":17}},"60":{"start":{"line":61,"column":0},"end":{"line":61,"column":6}},"61":{"start":{"line":62,"column":0},"end":{"line":62,"column":4}},"62":{"start":{"line":63,"column":0},"end":{"line":63,"column":22}},"63":{"start":{"line":64,"column":0},"end":{"line":64,"column":2}},"64":{"start":{"line":65,"column":0},"end":{"line":65,"column":0}},"65":{"start":{"line":66,"column":0},"end":{"line":66,"column":48}},"66":{"start":{"line":67,"column":0},"end":{"line":67,"column":0}},"67":{"start":{"line":68,"column":0},"end":{"line":68,"column":22}}},"s":{"0":6,"1":6,"2":6,"3":6,"4":6,"5":6,"6":6,"7":6,"8":6,"9":6,"10":6,"11":6,"12":6,"13":6,"14":6,"15":6,"16":6,"17":6,"18":6,"19":6,"20":6,"21":6,"22":6,"23":6,"24":6,"25":6,"26":6,"27":6,"28":6,"29":6,"30":6,"31":6,"32":6,"33":6,"34":6,"35":6,"36":6,"37":6,"38":6,"39":6,"40":6,"41":6,"42":6,"43":6,"44":6,"45":6,"46":6,"47":6,"48":6,"49":6,"50":6,"51":6,"52":6,"53":6,"54":6,"55":6,"56":6,"57":6,"58":6,"59":6,"60":6,"61":6,"62":6,"63":6,"64":6,"65":6,"66":6,"67":6},"branchMap":{"0":{"type":"branch","line":1,"loc":{"start":{"line":1,"column":0},"end":{"line":68,"column":22}},"locations":[{"start":{"line":1,"column":0},"end":{"line":68,"column":22}}]}},"b":{"0":[6]},"fnMap":{},"f":{}}
,"D:\\OYC\\.Course\\Web-App\\Hotel-Booking\\server\\src\\repositories\\roomRepository.js": {"path":"D:\\OYC\\.Course\\Web-App\\Hotel-Booking\\server\\src\\repositories\\roomRepository.js","all":false,"statementMap":{"0":{"start":{"line":1,"column":0},"end":{"line":1,"column":62}},"1":{"start":{"line":2,"column":0},"end":{"line":2,"column":39}},"2":{"start":{"line":3,"column":0},"end":{"line":3,"column":0}},"3":{"start":{"line":4,"column":0},"end":{"line":4,"column":45}},"4":{"start":{"line":5,"column":0},"end":{"line":5,"column":17}},"5":{"start":{"line":6,"column":0},"end":{"line":6,"column":16}},"6":{"start":{"line":7,"column":0},"end":{"line":7,"column":3}},"7":{"start":{"line":8,"column":0},"end":{"line":8,"column":1}},"8":{"start":{"line":9,"column":0},"end":{"line":9,"column":0}},"9":{"start":{"line":10,"column":0},"end":{"line":10,"column":32}}},"s":{"0":6,"1":6,"2":6,"3":6,"4":6,"5":6,"6":6,"7":6,"8":6,"9":6},"branchMap":{"0":{"type":"branch","line":1,"loc":{"start":{"line":1,"column":0},"end":{"line":10,"column":32}},"locations":[{"start":{"line":1,"column":0},"end":{"line":10,"column":32}}]},"1":{"type":"branch","line":5,"loc":{"start":{"line":5,"column":2},"end":{"line":7,"column":3}},"locations":[{"start":{"line":5,"column":2},"end":{"line":7,"column":3}}]}},"b":{"0":[6],"1":[6]},"fnMap":{"0":{"name":"RoomRepository","decl":{"start":{"line":5,"column":2},"end":{"line":7,"column":3}},"loc":{"start":{"line":5,"column":2},"end":{"line":7,"column":3}},"line":5}},"f":{"0":6}}
,"D:\\OYC\\.Course\\Web-App\\Hotel-Booking\\server\\src\\routes\\rooms.js": {"path":"D:\\OYC\\.Course\\Web-App\\Hotel-Booking\\server\\src\\routes\\rooms.js","all":false,"statementMap":{"0":{"start":{"line":1,"column":0},"end":{"line":1,"column":35}},"1":{"start":{"line":2,"column":0},"end":{"line":2,"column":0}},"2":{"start":{"line":3,"column":0},"end":{"line":3,"column":64}},"3":{"start":{"line":4,"column":0},"end":{"line":4,"column":66}},"4":{"start":{"line":5,"column":0},"end":{"line":5,"column":64}},"5":{"start":{"line":6,"column":0},"end":{"line":6,"column":61}},"6":{"start":{"line":7,"column":0},"end":{"line":7,"column":0}},"7":{"start":{"line":8,"column":0},"end":{"line":8,"column":32}},"8":{"start":{"line":9,"column":0},"end":{"line":9,"column":0}},"9":{"start":{"line":10,"column":0},"end":{"line":10,"column":41}},"10":{"start":{"line":11,"column":0},"end":{"line":11,"column":0}},"11":{"start":{"line":12,"column":0},"end":{"line":12,"column":47}},"12":{"start":{"line":13,"column":0},"end":{"line":13,"column":0}},"13":{"start":{"line":14,"column":0},"end":{"line":14,"column":28}},"14":{"start":{"line":15,"column":0},"end":{"line":15,"column":0}},"15":{"start":{"line":16,"column":0},"end":{"line":16,"column":66}},"16":{"start":{"line":17,"column":0},"end":{"line":17,"column":0}},"17":{"start":{"line":18,"column":0},"end":{"line":18,"column":78}},"18":{"start":{"line":19,"column":0},"end":{"line":19,"column":0}},"19":{"start":{"line":20,"column":0},"end":{"line":20,"column":49}},"20":{"start":{"line":21,"column":0},"end":{"line":21,"column":0}},"21":{"start":{"line":22,"column":0},"end":{"line":22,"column":24}}},"s":{"0":6,"1":6,"2":6,"3":6,"4":6,"5":6,"6":6,"7":6,"8":6,"9":6,"10":6,"11":6,"12":6,"13":6,"14":6,"15":6,"16":6,"17":6,"18":6,"19":6,"20":6,"21":6},"branchMap":{"0":{"type":"branch","line":1,"loc":{"start":{"line":1,"column":0},"end":{"line":22,"column":24}},"locations":[{"start":{"line":1,"column":0},"end":{"line":22,"column":24}}]}},"b":{"0":[6]},"fnMap":{},"f":{}}
,"D:\\OYC\\.Course\\Web-App\\Hotel-Booking\\server\\src\\services\\roomService.js": {"path":"D:\\OYC\\.Course\\Web-App\\Hotel-Booking\\server\\src\\services\\roomService.js","all":false,"statementMap":{"0":{"start":{"line":1,"column":0},"end":{"line":1,"column":56}},"1":{"start":{"line":2,"column":0},"end":{"line":2,"column":65}},"2":{"start":{"line":3,"column":0},"end":{"line":3,"column":51}},"3":{"start":{"line":4,"column":0},"end":{"line":4,"column":0}},"4":{"start":{"line":5,"column":0},"end":{"line":5,"column":39}},"5":{"start":{"line":6,"column":0},"end":{"line":6,"column":17}},"6":{"start":{"line":7,"column":0},"end":{"line":7,"column":32}},"7":{"start":{"line":8,"column":0},"end":{"line":8,"column":3}},"8":{"start":{"line":9,"column":0},"end":{"line":9,"column":0}},"9":{"start":{"line":10,"column":0},"end":{"line":10,"column":39}},"10":{"start":{"line":11,"column":0},"end":{"line":11,"column":70}},"11":{"start":{"line":12,"column":0},"end":{"line":12,"column":15}},"12":{"start":{"line":13,"column":0},"end":{"line":13,"column":20}},"13":{"start":{"line":14,"column":0},"end":{"line":14,"column":17}},"14":{"start":{"line":15,"column":0},"end":{"line":15,"column":14}},"15":{"start":{"line":16,"column":0},"end":{"line":16,"column":0}},"16":{"start":{"line":17,"column":0},"end":{"line":17,"column":18}},"17":{"start":{"line":18,"column":0},"end":{"line":18,"column":3}},"18":{"start":{"line":19,"column":0},"end":{"line":19,"column":1}},"19":{"start":{"line":20,"column":0},"end":{"line":20,"column":0}},"20":{"start":{"line":21,"column":0},"end":{"line":21,"column":29}}},"s":{"0":6,"1":6,"2":6,"3":6,"4":6,"5":6,"6":6,"7":6,"8":6,"9":6,"10":12,"11":12,"12":12,"13":12,"14":12,"15":12,"16":12,"17":12,"18":6,"19":6,"20":6},"branchMap":{"0":{"type":"branch","line":1,"loc":{"start":{"line":1,"column":0},"end":{"line":21,"column":29}},"locations":[{"start":{"line":1,"column":0},"end":{"line":21,"column":29}}]},"1":{"type":"branch","line":6,"loc":{"start":{"line":6,"column":2},"end":{"line":8,"column":3}},"locations":[{"start":{"line":6,"column":2},"end":{"line":8,"column":3}}]},"2":{"type":"branch","line":10,"loc":{"start":{"line":10,"column":2},"end":{"line":18,"column":3}},"locations":[{"start":{"line":10,"column":2},"end":{"line":18,"column":3}}]}},"b":{"0":[6],"1":[6],"2":[12]},"fnMap":{"0":{"name":"RoomService","decl":{"start":{"line":6,"column":2},"end":{"line":8,"column":3}},"loc":{"start":{"line":6,"column":2},"end":{"line":8,"column":3}},"line":6},"1":{"name":"roomsFilterQuery","decl":{"start":{"line":10,"column":2},"end":{"line":18,"column":3}},"loc":{"start":{"line":10,"column":2},"end":{"line":18,"column":3}},"line":10}},"f":{"0":6,"1":12}}
,"D:\\OYC\\.Course\\Web-App\\Hotel-Booking\\server\\src\\utils\\apiFeatures.js": {"path":"D:\\OYC\\.Course\\Web-App\\Hotel-Booking\\server\\src\\utils\\apiFeatures.js","all":false,"statementMap":{"0":{"start":{"line":1,"column":0},"end":{"line":1,"column":59}},"1":{"start":{"line":2,"column":0},"end":{"line":2,"column":0}},"2":{"start":{"line":3,"column":0},"end":{"line":3,"column":19}},"3":{"start":{"line":4,"column":0},"end":{"line":4,"column":35}},"4":{"start":{"line":5,"column":0},"end":{"line":5,"column":23}},"5":{"start":{"line":6,"column":0},"end":{"line":6,"column":55}},"6":{"start":{"line":7,"column":0},"end":{"line":7,"column":3}},"7":{"start":{"line":8,"column":0},"end":{"line":8,"column":0}},"8":{"start":{"line":9,"column":0},"end":{"line":9,"column":12}},"9":{"start":{"line":10,"column":0},"end":{"line":10,"column":45}},"10":{"start":{"line":11,"column":0},"end":{"line":11,"column":63}},"11":{"start":{"line":12,"column":0},"end":{"line":12,"column":56}},"12":{"start":{"line":13,"column":0},"end":{"line":13,"column":0}},"13":{"start":{"line":14,"column":0},"end":{"line":14,"column":44}},"14":{"start":{"line":15,"column":0},"end":{"line":15,"column":80}},"15":{"start":{"line":16,"column":0},"end":{"line":16,"column":36}},"16":{"start":{"line":17,"column":0},"end":{"line":17,"column":0}},"17":{"start":{"line":18,"column":0},"end":{"line":18,"column":43}},"18":{"start":{"line":19,"column":0},"end":{"line":19,"column":0}},"19":{"start":{"line":20,"column":0},"end":{"line":20,"column":16}},"20":{"start":{"line":21,"column":0},"end":{"line":21,"column":3}},"21":{"start":{"line":22,"column":0},"end":{"line":22,"column":0}},"22":{"start":{"line":23,"column":0},"end":{"line":23,"column":10}},"23":{"start":{"line":24,"column":0},"end":{"line":24,"column":32}},"24":{"start":{"line":25,"column":0},"end":{"line":25,"column":64}},"25":{"start":{"line":26,"column":0},"end":{"line":26,"column":43}},"26":{"start":{"line":27,"column":0},"end":{"line":27,"column":12}},"27":{"start":{"line":28,"column":0},"end":{"line":28,"column":49}},"28":{"start":{"line":29,"column":0},"end":{"line":29,"column":5}},"29":{"start":{"line":30,"column":0},"end":{"line":30,"column":0}},"30":{"start":{"line":31,"column":0},"end":{"line":31,"column":16}},"31":{"start":{"line":32,"column":0},"end":{"line":32,"column":3}},"32":{"start":{"line":33,"column":0},"end":{"line":33,"column":0}},"33":{"start":{"line":34,"column":0},"end":{"line":34,"column":17}},"34":{"start":{"line":35,"column":0},"end":{"line":35,"column":34}},"35":{"start":{"line":36,"column":0},"end":{"line":36,"column":66}},"36":{"start":{"line":37,"column":0},"end":{"line":37,"column":45}},"37":{"start":{"line":38,"column":0},"end":{"line":38,"column":12}},"38":{"start":{"line":39,"column":0},"end":{"line":39,"column":45}},"39":{"start":{"line":40,"column":0},"end":{"line":40,"column":5}},"40":{"start":{"line":41,"column":0},"end":{"line":41,"column":0}},"41":{"start":{"line":42,"column":0},"end":{"line":42,"column":16}},"42":{"start":{"line":43,"column":0},"end":{"line":43,"column":3}},"43":{"start":{"line":44,"column":0},"end":{"line":44,"column":0}},"44":{"start":{"line":45,"column":0},"end":{"line":45,"column":14}},"45":{"start":{"line":46,"column":0},"end":{"line":46,"column":48}},"46":{"start":{"line":47,"column":0},"end":{"line":47,"column":51}},"47":{"start":{"line":48,"column":0},"end":{"line":48,"column":36}},"48":{"start":{"line":49,"column":0},"end":{"line":49,"column":0}},"49":{"start":{"line":50,"column":0},"end":{"line":50,"column":52}},"50":{"start":{"line":51,"column":0},"end":{"line":51,"column":0}},"51":{"start":{"line":52,"column":0},"end":{"line":52,"column":16}},"52":{"start":{"line":53,"column":0},"end":{"line":53,"column":3}},"53":{"start":{"line":54,"column":0},"end":{"line":54,"column":0}},"54":{"start":{"line":55,"column":0},"end":{"line":55,"column":18}},"55":{"start":{"line":56,"column":0},"end":{"line":56,"column":37}},"56":{"start":{"line":57,"column":0},"end":{"line":57,"column":3}},"57":{"start":{"line":58,"column":0},"end":{"line":58,"column":1}},"58":{"start":{"line":59,"column":0},"end":{"line":59,"column":29}}},"s":{"0":6,"1":6,"2":6,"3":6,"4":12,"5":12,"6":12,"7":6,"8":6,"9":12,"10":12,"11":12,"12":12,"13":12,"14":12,"15":12,"16":12,"17":12,"18":12,"19":12,"20":12,"21":6,"22":6,"23":12,"24":2,"25":2,"26":12,"27":10,"28":10,"29":12,"30":12,"31":12,"32":6,"33":6,"34":12,"35":1,"36":1,"37":12,"38":11,"39":11,"40":12,"41":12,"42":12,"43":6,"44":6,"45":12,"46":12,"47":12,"48":12,"49":12,"50":12,"51":12,"52":12,"53":6,"54":6,"55":12,"56":12,"57":6,"58":6},"branchMap":{"0":{"type":"branch","line":1,"loc":{"start":{"line":1,"column":0},"end":{"line":59,"column":29}},"locations":[{"start":{"line":1,"column":0},"end":{"line":59,"column":29}}]},"1":{"type":"branch","line":4,"loc":{"start":{"line":4,"column":2},"end":{"line":7,"column":3}},"locations":[{"start":{"line":4,"column":2},"end":{"line":7,"column":3}}]},"2":{"type":"branch","line":9,"loc":{"start":{"line":9,"column":2},"end":{"line":21,"column":3}},"locations":[{"start":{"line":9,"column":2},"end":{"line":21,"column":3}}]},"3":{"type":"branch","line":12,"loc":{"start":{"line":12,"column":27},"end":{"line":12,"column":54}},"locations":[{"start":{"line":12,"column":27},"end":{"line":12,"column":54}}]},"4":{"type":"branch","line":15,"loc":{"start":{"line":15,"column":56},"end":{"line":15,"column":78}},"locations":[{"start":{"line":15,"column":56},"end":{"line":15,"column":78}}]},"5":{"type":"branch","line":23,"loc":{"start":{"line":23,"column":2},"end":{"line":32,"column":3}},"locations":[{"start":{"line":23,"column":2},"end":{"line":32,"column":3}}]},"6":{"type":"branch","line":24,"loc":{"start":{"line":24,"column":31},"end":{"line":27,"column":5}},"locations":[{"start":{"line":24,"column":31},"end":{"line":27,"column":5}}]},"7":{"type":"branch","line":27,"loc":{"start":{"line":27,"column":5},"end":{"line":29,"column":5}},"locations":[{"start":{"line":27,"column":5},"end":{"line":29,"column":5}}]},"8":{"type":"branch","line":34,"loc":{"start":{"line":34,"column":2},"end":{"line":43,"column":3}},"locations":[{"start":{"line":34,"column":2},"end":{"line":43,"column":3}}]},"9":{"type":"branch","line":35,"loc":{"start":{"line":35,"column":33},"end":{"line":38,"column":5}},"locations":[{"start":{"line":35,"column":33},"end":{"line":38,"column":5}}]},"10":{"type":"branch","line":38,"loc":{"start":{"line":38,"column":5},"end":{"line":40,"column":5}},"locations":[{"start":{"line":38,"column":5},"end":{"line":40,"column":5}}]},"11":{"type":"branch","line":45,"loc":{"start":{"line":45,"column":2},"end":{"line":53,"column":3}},"locations":[{"start":{"line":45,"column":2},"end":{"line":53,"column":3}}]},"12":{"type":"branch","line":46,"loc":{"start":{"line":46,"column":43},"end":{"line":46,"column":47}},"locations":[{"start":{"line":46,"column":43},"end":{"line":46,"column":47}}]},"13":{"type":"branch","line":47,"loc":{"start":{"line":47,"column":45},"end":{"line":47,"column":50}},"locations":[{"start":{"line":47,"column":45},"end":{"line":47,"column":50}}]},"14":{"type":"branch","line":55,"loc":{"start":{"line":55,"column":2},"end":{"line":57,"column":3}},"locations":[{"start":{"line":55,"column":2},"end":{"line":57,"column":3}}]}},"b":{"0":[6],"1":[12],"2":[12],"3":[48],"4":[3],"5":[12],"6":[2],"7":[10],"8":[12],"9":[1],"10":[11],"11":[12],"12":[9],"13":[8],"14":[12]},"fnMap":{"0":{"name":"APIFeatures","decl":{"start":{"line":4,"column":2},"end":{"line":7,"column":3}},"loc":{"start":{"line":4,"column":2},"end":{"line":7,"column":3}},"line":4},"1":{"name":"filter","decl":{"start":{"line":9,"column":2},"end":{"line":21,"column":3}},"loc":{"start":{"line":9,"column":2},"end":{"line":21,"column":3}},"line":9},"2":{"name":"sort","decl":{"start":{"line":23,"column":2},"end":{"line":32,"column":3}},"loc":{"start":{"line":23,"column":2},"end":{"line":32,"column":3}},"line":23},"3":{"name":"limitFields","decl":{"start":{"line":34,"column":2},"end":{"line":43,"column":3}},"loc":{"start":{"line":34,"column":2},"end":{"line":43,"column":3}},"line":34},"4":{"name":"paginate","decl":{"start":{"line":45,"column":2},"end":{"line":53,"column":3}},"loc":{"start":{"line":45,"column":2},"end":{"line":53,"column":3}},"line":45},"5":{"name":"then","decl":{"start":{"line":55,"column":2},"end":{"line":57,"column":3}},"loc":{"start":{"line":55,"column":2},"end":{"line":57,"column":3}},"line":55}},"f":{"0":12,"1":12,"2":12,"3":12,"4":12,"5":12}}
,"D:\\OYC\\.Course\\Web-App\\Hotel-Booking\\server\\src\\utils\\handleNestedFilter.js": {"path":"D:\\OYC\\.Course\\Web-App\\Hotel-Booking\\server\\src\\utils\\handleNestedFilter.js","all":false,"statementMap":{"0":{"start":{"line":1,"column":0},"end":{"line":1,"column":45}},"1":{"start":{"line":2,"column":0},"end":{"line":2,"column":25}},"2":{"start":{"line":3,"column":0},"end":{"line":3,"column":52}},"3":{"start":{"line":4,"column":0},"end":{"line":4,"column":28}},"4":{"start":{"line":5,"column":0},"end":{"line":5,"column":3}},"5":{"start":{"line":6,"column":0},"end":{"line":6,"column":28}},"6":{"start":{"line":7,"column":0},"end":{"line":7,"column":58}},"7":{"start":{"line":8,"column":0},"end":{"line":8,"column":31}},"8":{"start":{"line":9,"column":0},"end":{"line":9,"column":3}},"9":{"start":{"line":10,"column":0},"end":{"line":10,"column":27}},"10":{"start":{"line":11,"column":0},"end":{"line":11,"column":56}},"11":{"start":{"line":12,"column":0},"end":{"line":12,"column":30}},"12":{"start":{"line":13,"column":0},"end":{"line":13,"column":3}},"13":{"start":{"line":14,"column":0},"end":{"line":14,"column":26}},"14":{"start":{"line":15,"column":0},"end":{"line":15,"column":54}},"15":{"start":{"line":16,"column":0},"end":{"line":16,"column":29}},"16":{"start":{"line":17,"column":0},"end":{"line":17,"column":3}},"17":{"start":{"line":18,"column":0},"end":{"line":18,"column":21}},"18":{"start":{"line":19,"column":0},"end":{"line":19,"column":2}},"19":{"start":{"line":20,"column":0},"end":{"line":20,"column":0}},"20":{"start":{"line":21,"column":0},"end":{"line":21,"column":36}}},"s":{"0":6,"1":12,"2":2,"3":2,"4":2,"5":12,"6":0,"7":0,"8":0,"9":12,"10":1,"11":1,"12":1,"13":12,"14":0,"15":0,"16":0,"17":12,"18":6,"19":6,"20":6},"branchMap":{"0":{"type":"branch","line":1,"loc":{"start":{"line":1,"column":0},"end":{"line":21,"column":36}},"locations":[{"start":{"line":1,"column":0},"end":{"line":21,"column":36}}]},"1":{"type":"branch","line":1,"loc":{"start":{"line":1,"column":27},"end":{"line":19,"column":1}},"locations":[{"start":{"line":1,"column":27},"end":{"line":19,"column":1}}]},"2":{"type":"branch","line":2,"loc":{"start":{"line":2,"column":24},"end":{"line":5,"column":3}},"locations":[{"start":{"line":2,"column":24},"end":{"line":5,"column":3}}]},"3":{"type":"branch","line":6,"loc":{"start":{"line":6,"column":27},"end":{"line":9,"column":3}},"locations":[{"start":{"line":6,"column":27},"end":{"line":9,"column":3}}]},"4":{"type":"branch","line":10,"loc":{"start":{"line":10,"column":26},"end":{"line":13,"column":3}},"locations":[{"start":{"line":10,"column":26},"end":{"line":13,"column":3}}]},"5":{"type":"branch","line":14,"loc":{"start":{"line":14,"column":25},"end":{"line":17,"column":3}},"locations":[{"start":{"line":14,"column":25},"end":{"line":17,"column":3}}]}},"b":{"0":[6],"1":[12],"2":[2],"3":[0],"4":[1],"5":[0]},"fnMap":{"0":{"name":"handleNestedFilter","decl":{"start":{"line":1,"column":27},"end":{"line":19,"column":1}},"loc":{"start":{"line":1,"column":27},"end":{"line":19,"column":1}},"line":1}},"f":{"0":12}}
,"D:\\OYC\\.Course\\Web-App\\Hotel-Booking\\server\\src\\validation\\roomsSchemas.js": {"path":"D:\\OYC\\.Course\\Web-App\\Hotel-Booking\\server\\src\\validation\\roomsSchemas.js","all":false,"statementMap":{"0":{"start":{"line":1,"column":0},"end":{"line":1,"column":25}},"1":{"start":{"line":2,"column":0},"end":{"line":2,"column":0}},"2":{"start":{"line":3,"column":0},"end":{"line":3,"column":22}},"3":{"start":{"line":4,"column":0},"end":{"line":4,"column":11}},"4":{"start":{"line":5,"column":0},"end":{"line":5,"column":44}},"5":{"start":{"line":6,"column":0},"end":{"line":6,"column":53}},"6":{"start":{"line":7,"column":0},"end":{"line":7,"column":48}},"7":{"start":{"line":8,"column":0},"end":{"line":8,"column":62}},"8":{"start":{"line":9,"column":0},"end":{"line":9,"column":29}},"9":{"start":{"line":10,"column":0},"end":{"line":10,"column":24}},"10":{"start":{"line":11,"column":0},"end":{"line":11,"column":41}},"11":{"start":{"line":12,"column":0},"end":{"line":12,"column":40}},"12":{"start":{"line":13,"column":0},"end":{"line":13,"column":7}},"13":{"start":{"line":14,"column":0},"end":{"line":14,"column":47}},"14":{"start":{"line":15,"column":0},"end":{"line":15,"column":24}},"15":{"start":{"line":16,"column":0},"end":{"line":16,"column":41}},"16":{"start":{"line":17,"column":0},"end":{"line":17,"column":38}},"17":{"start":{"line":18,"column":0},"end":{"line":18,"column":42}},"18":{"start":{"line":19,"column":0},"end":{"line":19,"column":7}},"19":{"start":{"line":20,"column":0},"end":{"line":20,"column":41}},"20":{"start":{"line":21,"column":0},"end":{"line":21,"column":37}},"21":{"start":{"line":22,"column":0},"end":{"line":22,"column":36}},"22":{"start":{"line":23,"column":0},"end":{"line":23,"column":4}},"23":{"start":{"line":24,"column":0},"end":{"line":24,"column":12}}},"s":{"0":6,"1":6,"2":6,"3":6,"4":6,"5":6,"6":6,"7":6,"8":6,"9":6,"10":6,"11":6,"12":6,"13":6,"14":6,"15":6,"16":6,"17":6,"18":6,"19":6,"20":6,"21":6,"22":6,"23":6},"branchMap":{"0":{"type":"branch","line":1,"loc":{"start":{"line":1,"column":0},"end":{"line":24,"column":12}},"locations":[{"start":{"line":1,"column":0},"end":{"line":24,"column":12}}]}},"b":{"0":[6]},"fnMap":{},"f":{}}
}
