TN:
SF:src\app.js
FNF:0
FNH:0
DA:1,6
DA:2,6
DA:3,6
DA:4,6
DA:5,6
DA:6,6
DA:7,6
DA:8,6
DA:9,6
DA:10,6
DA:11,6
DA:12,6
DA:13,6
DA:14,6
DA:15,6
DA:16,6
DA:17,6
DA:18,6
DA:19,6
DA:20,6
DA:21,6
DA:22,6
DA:23,6
DA:24,6
DA:25,6
DA:26,6
DA:27,6
DA:28,6
DA:29,6
DA:30,6
DA:31,6
DA:32,6
DA:33,6
DA:34,6
DA:35,6
DA:36,6
DA:37,6
DA:38,6
DA:39,6
DA:40,6
DA:41,6
DA:42,6
DA:43,6
DA:44,6
DA:45,22
DA:46,22
DA:47,22
DA:48,22
DA:49,22
DA:50,22
DA:51,6
DA:52,6
DA:53,6
DA:54,6
DA:55,6
DA:56,6
DA:57,6
DA:58,0
DA:59,0
DA:60,6
DA:61,6
DA:62,2
DA:63,6
DA:64,6
DA:65,6
DA:66,6
DA:67,6
DA:68,6
DA:69,6
DA:70,6
DA:71,6
DA:72,6
LF:72
LH:70
BRDA:1,0,0,6
BRDA:57,1,0,0
BRDA:44,2,0,22
BRDA:61,3,0,2
BRF:4
BRH:3
end_of_record
TN:
SF:src\controllers\roomController.js
FN:6,exports.getRooms
FN:15,exports.getRoomById
FN:21,exports.createRoom
FN:31,exports.updateRoom
FN:41,exports.deleteRoom
FNF:5
FNH:4
FNDA:12,exports.getRooms
FNDA:0,exports.getRoomById
FNDA:2,exports.createRoom
FNDA:2,exports.updateRoom
FNDA:2,exports.deleteRoom
DA:1,6
DA:2,6
DA:3,6
DA:4,6
DA:5,6
DA:6,6
DA:7,12
DA:8,12
DA:9,12
DA:10,12
DA:11,12
DA:12,12
DA:13,6
DA:14,6
DA:15,6
DA:16,0
DA:17,0
DA:18,0
DA:19,6
DA:20,6
DA:21,6
DA:22,2
DA:23,2
DA:24,2
DA:25,2
DA:26,2
DA:27,1
DA:28,1
DA:29,6
DA:30,6
DA:31,6
DA:32,2
DA:33,2
DA:34,2
DA:35,2
DA:36,2
DA:37,1
DA:38,1
DA:39,6
DA:40,6
DA:41,6
DA:42,2
DA:43,2
DA:44,2
DA:45,2
DA:46,2
DA:47,2
DA:48,2
DA:49,1
DA:50,1
DA:51,6
LF:51
LH:48
BRDA:1,0,0,6
BRDA:6,1,0,12
BRDA:21,2,0,2
BRDA:27,3,0,1
BRDA:31,4,0,2
BRDA:37,5,0,1
BRDA:41,6,0,2
BRDA:49,7,0,1
BRF:8
BRH:8
end_of_record
TN:
SF:src\core\AppError.js
FN:2,AppError
FNF:1
FNH:1
FNDA:13,AppError
DA:1,7
DA:2,7
DA:3,13
DA:4,13
DA:5,13
DA:6,13
DA:7,13
DA:8,13
DA:9,13
DA:10,7
DA:11,7
DA:12,7
LF:12
LH:12
BRDA:1,0,0,7
BRDA:2,1,0,13
BRDA:5,2,0,0
BRF:3
BRH:2
end_of_record
TN:
SF:src\core\ResponseFormatter.js
FN:2,success
FN:10,fail
FN:18,error
FNF:3
FNH:2
FNDA:17,success
FNDA:5,fail
FNDA:0,error
DA:1,6
DA:2,6
DA:3,17
DA:4,17
DA:5,17
DA:6,17
DA:7,17
DA:8,17
DA:9,6
DA:10,6
DA:11,5
DA:12,5
DA:13,5
DA:14,5
DA:15,5
DA:16,5
DA:17,6
DA:18,6
DA:19,0
DA:20,0
DA:21,0
DA:22,0
DA:23,0
DA:24,0
DA:25,6
DA:26,6
DA:27,6
LF:27
LH:21
BRDA:1,0,0,6
BRDA:2,1,0,17
BRDA:5,2,0,2
BRDA:10,3,0,5
BRDA:13,4,0,0
BRF:5
BRH:4
end_of_record
TN:
SF:src\core\base\baseRepository.js
FN:2,BaseRepository
FN:6,findOne
FN:10,find
FN:14,findById
FN:18,update
FN:25,updateOne
FN:32,create
FN:36,delete
FN:40,deleteOne
FN:44,findOneAndDelete
FN:47,findOneAndUpdate
FN:54,findByIdAndDelete
FN:58,findByIdAndUpdate
FNF:13
FNH:13
FNDA:21,BaseRepository
FNDA:4,findOne
FNDA:23,find
FNDA:8,findById
FNDA:3,update
FNDA:3,updateOne
FNDA:2,create
FNDA:4,delete
FNDA:4,deleteOne
FNDA:3,findOneAndDelete
FNDA:5,findOneAndUpdate
FNDA:4,findByIdAndDelete
FNDA:4,findByIdAndUpdate
DA:1,7
DA:2,7
DA:3,21
DA:4,21
DA:5,7
DA:6,7
DA:7,4
DA:8,4
DA:9,7
DA:10,7
DA:11,23
DA:12,23
DA:13,7
DA:14,7
DA:15,8
DA:16,8
DA:17,7
DA:18,7
DA:19,3
DA:20,3
DA:21,3
DA:22,3
DA:23,3
DA:24,7
DA:25,7
DA:26,3
DA:27,3
DA:28,3
DA:29,3
DA:30,3
DA:31,7
DA:32,7
DA:33,2
DA:34,2
DA:35,7
DA:36,7
DA:37,4
DA:38,4
DA:39,7
DA:40,7
DA:41,4
DA:42,4
DA:43,7
DA:44,7
DA:45,3
DA:46,3
DA:47,7
DA:48,5
DA:49,5
DA:50,5
DA:51,5
DA:52,5
DA:53,7
DA:54,7
DA:55,4
DA:56,4
DA:57,7
DA:58,7
DA:59,4
DA:60,4
DA:61,4
DA:62,4
DA:63,4
DA:64,7
DA:65,7
DA:66,7
LF:66
LH:66
BRDA:1,0,0,7
BRDA:2,1,0,21
BRDA:6,2,0,4
BRDA:10,3,0,23
BRDA:14,4,0,8
BRDA:18,5,0,3
BRDA:25,6,0,3
BRDA:32,7,0,2
BRDA:36,8,0,4
BRDA:40,9,0,4
BRDA:44,10,0,3
BRDA:47,11,0,5
BRDA:54,12,0,4
BRDA:58,13,0,4
BRF:14
BRH:14
end_of_record
TN:
SF:src\core\base\baseService.js
FN:4,BaseService
FN:8,find
FN:18,delete
FN:31,create
FN:37,update
FN:49,findById
FN:59,findByIdAndUpdate
FN:71,findByIdAndDelete
FN:84,findOne
FN:94,deleteOne
FN:107,updateOne
FN:119,findOneAndUpdate
FN:131,findOneAndDelete
FNF:13
FNH:13
FNDA:29,BaseService
FNDA:6,find
FNDA:3,delete
FNDA:3,create
FNDA:2,update
FNDA:2,findById
FNDA:2,findByIdAndUpdate
FNDA:2,findByIdAndDelete
FNDA:2,findOne
FNDA:3,deleteOne
FNDA:2,updateOne
FNDA:4,findOneAndUpdate
FNDA:2,findOneAndDelete
DA:1,7
DA:2,7
DA:3,7
DA:4,7
DA:5,29
DA:6,29
DA:7,7
DA:8,7
DA:9,6
DA:10,6
DA:11,6
DA:12,0
DA:13,0
DA:14,6
DA:15,6
DA:16,6
DA:17,7
DA:18,7
DA:19,3
DA:20,3
DA:21,3
DA:22,2
DA:23,2
DA:24,2
DA:25,2
DA:26,2
DA:27,1
DA:28,1
DA:29,3
DA:30,7
DA:31,7
DA:32,3
DA:33,2
DA:34,2
DA:35,3
DA:36,7
DA:37,7
DA:38,2
DA:39,2
DA:40,2
DA:41,2
DA:42,1
DA:43,1
DA:44,1
DA:45,1
DA:46,1
DA:47,2
DA:48,7
DA:49,7
DA:50,2
DA:51,2
DA:52,2
DA:53,0
DA:54,0
DA:55,2
DA:56,2
DA:57,2
DA:58,7
DA:59,7
DA:60,2
DA:61,2
DA:62,2
DA:63,2
DA:64,1
DA:65,1
DA:66,1
DA:67,1
DA:68,1
DA:69,2
DA:70,7
DA:71,7
DA:72,2
DA:73,2
DA:74,2
DA:75,1
DA:76,1
DA:77,1
DA:78,1
DA:79,1
DA:80,1
DA:81,1
DA:82,2
DA:83,7
DA:84,7
DA:85,2
DA:86,2
DA:87,2
DA:88,0
DA:89,0
DA:90,2
DA:91,2
DA:92,2
DA:93,7
DA:94,7
DA:95,3
DA:96,3
DA:97,3
DA:98,1
DA:99,1
DA:100,1
DA:101,1
DA:102,1
DA:103,2
DA:104,2
DA:105,3
DA:106,7
DA:107,7
DA:108,2
DA:109,2
DA:110,2
DA:111,2
DA:112,1
DA:113,1
DA:114,1
DA:115,1
DA:116,1
DA:117,2
DA:118,7
DA:119,7
DA:120,4
DA:121,4
DA:122,4
DA:123,4
DA:124,2
DA:125,2
DA:126,2
DA:127,2
DA:128,2
DA:129,4
DA:130,7
DA:131,7
DA:132,2
DA:133,2
DA:134,2
DA:135,2
DA:136,1
DA:137,1
DA:138,1
DA:139,1
DA:140,1
DA:141,2
DA:142,7
DA:143,7
DA:144,7
LF:144
LH:138
BRDA:1,0,0,7
BRDA:4,1,0,29
BRDA:8,2,0,6
BRDA:11,3,0,4
BRDA:11,4,0,0
BRDA:18,5,0,3
BRDA:21,6,0,2
BRDA:27,7,0,1
BRDA:31,8,0,3
BRDA:33,9,0,2
BRDA:37,10,0,2
BRDA:41,11,0,1
BRDA:49,12,0,2
BRDA:52,13,0,0
BRDA:52,14,0,0
BRDA:59,15,0,2
BRDA:63,16,0,1
BRDA:71,17,0,2
BRDA:74,18,0,1
BRDA:84,19,0,2
BRDA:87,20,0,0
BRDA:87,21,0,0
BRDA:94,22,0,3
BRDA:97,23,0,2
BRDA:97,24,0,1
BRDA:107,25,0,2
BRDA:111,26,0,1
BRDA:119,27,0,4
BRDA:123,28,0,2
BRDA:131,29,0,2
BRDA:135,30,0,1
BRF:31
BRH:26
end_of_record
TN:
SF:src\middlewares\globalErrorHandler.js
FN:5,handleCastErrorDB
FN:10,handleValdationErrorDB
FN:17,handleDuplicateFieldDB
FN:23,sendErrorDev
FN:32,sendErrorProd
FN:51,handleJWTToken
FN:55,handleZodError
FN:59,TokenExpiration
FN:62,module.exports
FNF:9
FNH:4
FNDA:0,handleCastErrorDB
FNDA:0,handleValdationErrorDB
FNDA:1,handleDuplicateFieldDB
FNDA:0,sendErrorDev
FNDA:5,sendErrorProd
FNDA:0,handleJWTToken
FNDA:1,handleZodError
FNDA:0,TokenExpiration
FNDA:5,module.exports
DA:1,6
DA:2,6
DA:3,6
DA:4,6
DA:5,6
DA:6,0
DA:7,0
DA:8,6
DA:9,6
DA:10,6
DA:11,0
DA:12,0
DA:13,0
DA:14,0
DA:15,6
DA:16,6
DA:17,6
DA:18,1
DA:19,1
DA:20,1
DA:21,6
DA:22,6
DA:23,6
DA:24,0
DA:25,0
DA:26,0
DA:27,0
DA:28,0
DA:29,0
DA:30,6
DA:31,6
DA:32,6
DA:33,5
DA:34,5
DA:35,5
DA:36,5
DA:37,5
DA:38,0
DA:39,0
DA:40,0
DA:41,0
DA:42,0
DA:43,0
DA:44,0
DA:45,0
DA:46,0
DA:47,0
DA:48,0
DA:49,6
DA:50,6
DA:51,0
DA:52,0
DA:53,0
DA:54,6
DA:55,1
DA:56,1
DA:57,1
DA:58,6
DA:59,6
DA:60,6
DA:61,6
DA:62,6
DA:63,5
DA:64,5
DA:65,5
DA:66,0
DA:67,5
DA:68,5
DA:69,5
DA:70,5
DA:71,5
DA:72,5
DA:73,5
DA:74,5
DA:75,5
DA:76,5
DA:77,5
DA:78,5
DA:79,6
LF:79
LH:52
BRDA:1,0,0,6
BRDA:17,1,0,1
BRDA:32,2,0,5
BRDA:38,3,0,0
BRDA:55,4,0,1
BRDA:62,5,0,5
BRDA:63,6,0,2
BRDA:64,7,0,2
BRDA:65,8,0,0
BRDA:70,9,0,0
BRDA:71,10,0,1
BRDA:72,11,0,0
BRDA:73,12,0,0
BRDA:74,13,0,0
BRDA:75,14,0,1
BRF:15
BRH:9
end_of_record
TN:
SF:src\middlewares\notFoundError.js
FN:3,module.exports
FNF:1
FNH:1
FNDA:1,module.exports
DA:1,6
DA:2,6
DA:3,6
DA:4,1
DA:5,6
LF:5
LH:5
BRDA:1,0,0,6
BRDA:3,1,0,1
BRF:2
BRH:2
end_of_record
TN:
SF:src\middlewares\protectedRoutes.js
FN:4,module.exports
FNF:1
FNH:1
FNDA:7,module.exports
DA:1,6
DA:2,6
DA:3,6
DA:4,6
DA:5,7
DA:6,7
DA:7,7
DA:8,7
DA:9,7
DA:10,7
DA:11,7
DA:12,7
DA:13,7
DA:14,7
DA:15,7
DA:16,0
DA:17,0
DA:18,0
DA:19,0
DA:20,0
DA:21,0
DA:22,0
DA:23,0
DA:24,0
DA:25,0
DA:26,0
DA:27,6
LF:27
LH:16
BRDA:1,0,0,6
BRDA:4,1,0,7
BRDA:8,2,0,0
BRDA:8,3,0,0
BRDA:15,4,0,0
BRF:5
BRH:2
end_of_record
TN:
SF:src\middlewares\validationMiddleware.js
FN:1,module.exports
FNF:1
FNH:1
FNDA:14,module.exports
DA:1,7
DA:2,7
DA:3,5
DA:4,5
DA:5,5
DA:6,7
LF:6
LH:6
BRDA:1,0,0,7
BRDA:1,1,0,14
BRDA:1,2,0,7
BRDA:3,3,0,5
BRF:4
BRH:4
end_of_record
TN:
SF:src\models\room.js
FNF:0
FNH:0
DA:1,6
DA:2,6
DA:3,6
DA:4,6
DA:5,6
DA:6,6
DA:7,6
DA:8,6
DA:9,6
DA:10,6
DA:11,6
DA:12,6
DA:13,6
DA:14,6
DA:15,6
DA:16,6
DA:17,6
DA:18,6
DA:19,6
DA:20,6
DA:21,6
DA:22,6
DA:23,6
DA:24,6
DA:25,6
DA:26,6
DA:27,6
DA:28,6
DA:29,6
DA:30,6
DA:31,6
DA:32,6
DA:33,6
DA:34,6
DA:35,6
DA:36,6
DA:37,6
DA:38,6
DA:39,6
DA:40,6
DA:41,6
DA:42,6
DA:43,6
DA:44,6
DA:45,6
DA:46,6
DA:47,6
DA:48,6
DA:49,6
DA:50,6
DA:51,6
DA:52,6
DA:53,6
DA:54,6
DA:55,6
DA:56,6
DA:57,6
DA:58,6
DA:59,6
DA:60,6
DA:61,6
DA:62,6
DA:63,6
DA:64,6
DA:65,6
DA:66,6
DA:67,6
DA:68,6
LF:68
LH:68
BRDA:1,0,0,6
BRF:1
BRH:1
end_of_record
TN:
SF:src\repositories\roomRepository.js
FN:5,RoomRepository
FNF:1
FNH:1
FNDA:6,RoomRepository
DA:1,6
DA:2,6
DA:3,6
DA:4,6
DA:5,6
DA:6,6
DA:7,6
DA:8,6
DA:9,6
DA:10,6
LF:10
LH:10
BRDA:1,0,0,6
BRDA:5,1,0,6
BRF:2
BRH:2
end_of_record
TN:
SF:src\routes\rooms.js
FNF:0
FNH:0
DA:1,6
DA:2,6
DA:3,6
DA:4,6
DA:5,6
DA:6,6
DA:7,6
DA:8,6
DA:9,6
DA:10,6
DA:11,6
DA:12,6
DA:13,6
DA:14,6
DA:15,6
DA:16,6
DA:17,6
DA:18,6
DA:19,6
DA:20,6
DA:21,6
DA:22,6
LF:22
LH:22
BRDA:1,0,0,6
BRF:1
BRH:1
end_of_record
TN:
SF:src\services\roomService.js
FN:6,RoomService
FN:10,roomsFilterQuery
FNF:2
FNH:2
FNDA:6,RoomService
FNDA:12,roomsFilterQuery
DA:1,6
DA:2,6
DA:3,6
DA:4,6
DA:5,6
DA:6,6
DA:7,6
DA:8,6
DA:9,6
DA:10,6
DA:11,12
DA:12,12
DA:13,12
DA:14,12
DA:15,12
DA:16,12
DA:17,12
DA:18,12
DA:19,6
DA:20,6
DA:21,6
LF:21
LH:21
BRDA:1,0,0,6
BRDA:6,1,0,6
BRDA:10,2,0,12
BRF:3
BRH:3
end_of_record
TN:
SF:src\utils\apiFeatures.js
FN:4,APIFeatures
FN:9,filter
FN:23,sort
FN:34,limitFields
FN:45,paginate
FN:55,then
FNF:6
FNH:6
FNDA:12,APIFeatures
FNDA:12,filter
FNDA:12,sort
FNDA:12,limitFields
FNDA:12,paginate
FNDA:12,then
DA:1,6
DA:2,6
DA:3,6
DA:4,6
DA:5,12
DA:6,12
DA:7,12
DA:8,6
DA:9,6
DA:10,12
DA:11,12
DA:12,12
DA:13,12
DA:14,12
DA:15,12
DA:16,12
DA:17,12
DA:18,12
DA:19,12
DA:20,12
DA:21,12
DA:22,6
DA:23,6
DA:24,12
DA:25,2
DA:26,2
DA:27,12
DA:28,10
DA:29,10
DA:30,12
DA:31,12
DA:32,12
DA:33,6
DA:34,6
DA:35,12
DA:36,1
DA:37,1
DA:38,12
DA:39,11
DA:40,11
DA:41,12
DA:42,12
DA:43,12
DA:44,6
DA:45,6
DA:46,12
DA:47,12
DA:48,12
DA:49,12
DA:50,12
DA:51,12
DA:52,12
DA:53,12
DA:54,6
DA:55,6
DA:56,12
DA:57,12
DA:58,6
DA:59,6
LF:59
LH:59
BRDA:1,0,0,6
BRDA:4,1,0,12
BRDA:9,2,0,12
BRDA:12,3,0,48
BRDA:15,4,0,3
BRDA:23,5,0,12
BRDA:24,6,0,2
BRDA:27,7,0,10
BRDA:34,8,0,12
BRDA:35,9,0,1
BRDA:38,10,0,11
BRDA:45,11,0,12
BRDA:46,12,0,9
BRDA:47,13,0,8
BRDA:55,14,0,12
BRF:15
BRH:15
end_of_record
TN:
SF:src\utils\handleNestedFilter.js
FN:1,handleNestedFilter
FNF:1
FNH:1
FNDA:12,handleNestedFilter
DA:1,6
DA:2,12
DA:3,2
DA:4,2
DA:5,2
DA:6,12
DA:7,0
DA:8,0
DA:9,0
DA:10,12
DA:11,1
DA:12,1
DA:13,1
DA:14,12
DA:15,0
DA:16,0
DA:17,0
DA:18,12
DA:19,6
DA:20,6
DA:21,6
LF:21
LH:15
BRDA:1,0,0,6
BRDA:1,1,0,12
BRDA:2,2,0,2
BRDA:6,3,0,0
BRDA:10,4,0,1
BRDA:14,5,0,0
BRF:6
BRH:4
end_of_record
TN:
SF:src\validation\roomsSchemas.js
FNF:0
FNH:0
DA:1,6
DA:2,6
DA:3,6
DA:4,6
DA:5,6
DA:6,6
DA:7,6
DA:8,6
DA:9,6
DA:10,6
DA:11,6
DA:12,6
DA:13,6
DA:14,6
DA:15,6
DA:16,6
DA:17,6
DA:18,6
DA:19,6
DA:20,6
DA:21,6
DA:22,6
DA:23,6
DA:24,6
LF:24
LH:24
BRDA:1,0,0,6
BRF:1
BRH:1
end_of_record
