TN:
SF:src\app.js
FNF:0
FNH:0
DA:1,1
DA:2,1
DA:3,1
DA:4,1
DA:5,1
DA:6,1
DA:7,1
DA:8,1
DA:9,1
DA:10,1
DA:11,1
DA:12,1
DA:13,1
DA:14,1
DA:15,1
DA:16,1
DA:17,1
DA:18,1
DA:19,1
DA:20,1
DA:21,1
DA:22,1
DA:23,1
DA:24,1
DA:25,1
DA:26,1
DA:27,1
DA:28,1
DA:29,1
DA:30,1
DA:31,1
DA:32,1
DA:33,1
DA:34,1
DA:35,1
DA:36,1
DA:37,1
DA:38,1
DA:39,1
DA:40,1
DA:41,1
DA:42,2
DA:43,2
DA:44,2
DA:45,2
DA:46,2
DA:47,2
DA:48,1
DA:49,1
DA:50,1
DA:51,1
DA:52,1
DA:53,1
DA:54,1
DA:55,0
DA:56,0
DA:57,1
DA:58,1
DA:59,2
DA:60,1
DA:61,1
DA:62,1
DA:63,1
DA:64,1
DA:65,1
DA:66,1
DA:67,1
LF:67
LH:65
BRDA:1,0,0,1
BRDA:54,1,0,0
BRDA:41,2,0,2
BRDA:58,3,0,2
BRF:4
BRH:3
end_of_record
TN:
SF:src\core\AppError.js
FN:2,AppError
FNF:1
FNH:1
FNDA:7,AppError
DA:1,1
DA:2,1
DA:3,7
DA:4,7
DA:5,7
DA:6,7
DA:7,7
DA:8,7
DA:9,7
DA:10,1
DA:11,1
DA:12,1
LF:12
LH:12
BRDA:1,0,0,1
BRDA:2,1,0,7
BRDA:5,2,0,0
BRF:3
BRH:2
end_of_record
TN:
SF:src\core\ResponseFormatter.js
FN:2,success
FN:10,fail
FN:18,error
FNF:3
FNH:2
FNDA:2,success
FNDA:1,fail
FNDA:0,error
DA:1,1
DA:2,1
DA:3,2
DA:4,2
DA:5,2
DA:6,2
DA:7,2
DA:8,2
DA:9,1
DA:10,1
DA:11,1
DA:12,1
DA:13,1
DA:14,1
DA:15,1
DA:16,1
DA:17,1
DA:18,1
DA:19,0
DA:20,0
DA:21,0
DA:22,0
DA:23,0
DA:24,0
DA:25,1
DA:26,1
DA:27,1
LF:27
LH:21
BRDA:1,0,0,1
BRDA:2,1,0,2
BRDA:10,2,0,1
BRDA:13,3,0,0
BRF:4
BRH:3
end_of_record
TN:
SF:src\core\base\base.repository.js
FN:2,BaseService
FN:6,findOne
FN:10,find
FN:14,findById
FN:18,update
FN:25,updateOne
FN:32,create
FN:36,delete
FN:40,deleteOne
FN:44,findOneAndDelete
FN:47,findOneAndUpdate
FN:54,findByIdAndDelete
FN:58,findByIdAndUpdate
FNF:13
FNH:13
FNDA:1,BaseService
FNDA:2,findOne
FNDA:6,find
FNDA:2,findById
FNDA:2,update
FNDA:2,updateOne
FNDA:1,create
FNDA:3,delete
FNDA:1,deleteOne
FNDA:2,findOneAndDelete
FNDA:2,findOneAndUpdate
FNDA:2,findByIdAndDelete
FNDA:2,findByIdAndUpdate
DA:1,1
DA:2,1
DA:3,1
DA:4,1
DA:5,1
DA:6,1
DA:7,2
DA:8,2
DA:9,1
DA:10,1
DA:11,6
DA:12,6
DA:13,1
DA:14,1
DA:15,2
DA:16,2
DA:17,1
DA:18,1
DA:19,2
DA:20,2
DA:21,2
DA:22,2
DA:23,2
DA:24,1
DA:25,1
DA:26,2
DA:27,2
DA:28,2
DA:29,2
DA:30,2
DA:31,1
DA:32,1
DA:33,1
DA:34,1
DA:35,1
DA:36,1
DA:37,3
DA:38,3
DA:39,1
DA:40,1
DA:41,1
DA:42,1
DA:43,1
DA:44,1
DA:45,2
DA:46,2
DA:47,1
DA:48,2
DA:49,2
DA:50,2
DA:51,2
DA:52,2
DA:53,1
DA:54,1
DA:55,2
DA:56,2
DA:57,1
DA:58,1
DA:59,2
DA:60,2
DA:61,2
DA:62,2
DA:63,2
DA:64,1
DA:65,1
DA:66,1
LF:66
LH:66
BRDA:1,0,0,1
BRDA:2,1,0,1
BRDA:6,2,0,2
BRDA:10,3,0,6
BRDA:14,4,0,2
BRDA:18,5,0,2
BRDA:25,6,0,2
BRDA:32,7,0,1
BRDA:36,8,0,3
BRDA:40,9,0,1
BRDA:44,10,0,2
BRDA:47,11,0,2
BRDA:54,12,0,2
BRDA:58,13,0,2
BRF:14
BRH:14
end_of_record
TN:
SF:src\core\base\base.service.js
FN:4,BaseService
FN:8,find
FN:18,delete
FN:31,create
FN:37,update
FN:49,findById
FN:59,findByIdAndUpdate
FN:71,findByIdAndDelete
FN:84,findOne
FN:94,deleteOne
FN:107,updateOne
FN:119,findOneAndUpdate
FN:131,findOneAndDelete
FNF:13
FNH:13
FNDA:23,BaseService
FNDA:6,find
FNDA:3,delete
FNDA:1,create
FNDA:2,update
FNDA:2,findById
FNDA:2,findByIdAndUpdate
FNDA:2,findByIdAndDelete
FNDA:2,findOne
FNDA:1,deleteOne
FNDA:2,updateOne
FNDA:2,findOneAndUpdate
FNDA:2,findOneAndDelete
DA:1,1
DA:2,1
DA:3,1
DA:4,1
DA:5,23
DA:6,23
DA:7,1
DA:8,1
DA:9,6
DA:10,6
DA:11,6
DA:12,0
DA:13,0
DA:14,6
DA:15,6
DA:16,6
DA:17,1
DA:18,1
DA:19,3
DA:20,3
DA:21,3
DA:22,2
DA:23,2
DA:24,2
DA:25,2
DA:26,2
DA:27,1
DA:28,1
DA:29,3
DA:30,1
DA:31,1
DA:32,1
DA:33,1
DA:34,1
DA:35,1
DA:36,1
DA:37,1
DA:38,2
DA:39,2
DA:40,2
DA:41,2
DA:42,1
DA:43,1
DA:44,1
DA:45,1
DA:46,1
DA:47,2
DA:48,1
DA:49,1
DA:50,2
DA:51,2
DA:52,2
DA:53,0
DA:54,0
DA:55,2
DA:56,2
DA:57,2
DA:58,1
DA:59,1
DA:60,2
DA:61,2
DA:62,2
DA:63,2
DA:64,1
DA:65,1
DA:66,1
DA:67,1
DA:68,1
DA:69,2
DA:70,1
DA:71,1
DA:72,2
DA:73,2
DA:74,2
DA:75,1
DA:76,1
DA:77,1
DA:78,1
DA:79,1
DA:80,1
DA:81,1
DA:82,2
DA:83,1
DA:84,1
DA:85,2
DA:86,2
DA:87,2
DA:88,0
DA:89,0
DA:90,2
DA:91,2
DA:92,2
DA:93,1
DA:94,1
DA:95,1
DA:96,1
DA:97,1
DA:98,0
DA:99,0
DA:100,0
DA:101,0
DA:102,0
DA:103,1
DA:104,1
DA:105,1
DA:106,1
DA:107,1
DA:108,2
DA:109,2
DA:110,2
DA:111,2
DA:112,0
DA:113,0
DA:114,0
DA:115,2
DA:116,2
DA:117,2
DA:118,1
DA:119,1
DA:120,2
DA:121,2
DA:122,2
DA:123,2
DA:124,1
DA:125,1
DA:126,1
DA:127,1
DA:128,1
DA:129,2
DA:130,1
DA:131,1
DA:132,2
DA:133,2
DA:134,2
DA:135,2
DA:136,1
DA:137,1
DA:138,1
DA:139,1
DA:140,1
DA:141,2
DA:142,1
DA:143,1
DA:144,1
LF:144
LH:130
BRDA:1,0,0,1
BRDA:4,1,0,23
BRDA:8,2,0,6
BRDA:11,3,0,4
BRDA:11,4,0,0
BRDA:18,5,0,3
BRDA:21,6,0,2
BRDA:27,7,0,1
BRDA:31,8,0,1
BRDA:37,9,0,2
BRDA:41,10,0,1
BRDA:49,11,0,2
BRDA:52,12,0,0
BRDA:52,13,0,0
BRDA:59,14,0,2
BRDA:63,15,0,1
BRDA:71,16,0,2
BRDA:74,17,0,1
BRDA:84,18,0,2
BRDA:87,19,0,0
BRDA:87,20,0,0
BRDA:94,21,0,1
BRDA:97,22,0,0
BRDA:107,23,0,2
BRDA:111,24,0,0
BRDA:119,25,0,2
BRDA:123,26,0,1
BRDA:131,27,0,2
BRDA:135,28,0,1
BRF:29
BRH:22
end_of_record
TN:
SF:src\middlewares\globalErrorHandler.js
FN:5,handleCastErrorDB
FN:10,handleValdationErrorDB
FN:17,handleDuplicateFieldDB
FN:23,sendErrorDev
FN:32,sendErrorProd
FN:51,handleJWTToken
FN:55,handleZodError
FN:59,TokenExpiration
FN:62,module.exports
FNF:9
FNH:2
FNDA:0,handleCastErrorDB
FNDA:0,handleValdationErrorDB
FNDA:0,handleDuplicateFieldDB
FNDA:0,sendErrorDev
FNDA:1,sendErrorProd
FNDA:0,handleJWTToken
FNDA:0,handleZodError
FNDA:0,TokenExpiration
FNDA:1,module.exports
DA:1,1
DA:2,1
DA:3,1
DA:4,1
DA:5,1
DA:6,0
DA:7,0
DA:8,1
DA:9,1
DA:10,1
DA:11,0
DA:12,0
DA:13,0
DA:14,0
DA:15,1
DA:16,1
DA:17,1
DA:18,0
DA:19,0
DA:20,0
DA:21,1
DA:22,1
DA:23,1
DA:24,0
DA:25,0
DA:26,0
DA:27,0
DA:28,0
DA:29,0
DA:30,1
DA:31,1
DA:32,1
DA:33,1
DA:34,1
DA:35,1
DA:36,1
DA:37,1
DA:38,0
DA:39,0
DA:40,0
DA:41,0
DA:42,0
DA:43,0
DA:44,0
DA:45,0
DA:46,0
DA:47,0
DA:48,0
DA:49,1
DA:50,1
DA:51,0
DA:52,0
DA:53,0
DA:54,1
DA:55,0
DA:56,0
DA:57,0
DA:58,1
DA:59,1
DA:60,1
DA:61,1
DA:62,1
DA:63,1
DA:64,1
DA:65,1
DA:66,0
DA:67,1
DA:68,1
DA:69,1
DA:70,1
DA:71,1
DA:72,1
DA:73,1
DA:74,1
DA:75,1
DA:76,1
DA:77,1
LF:77
LH:44
BRDA:1,0,0,1
BRDA:32,1,0,1
BRDA:38,2,0,0
BRDA:62,3,0,1
BRDA:63,4,0,0
BRDA:64,5,0,0
BRDA:65,6,0,0
BRDA:68,7,0,0
BRDA:69,8,0,0
BRDA:70,9,0,0
BRDA:71,10,0,0
BRDA:72,11,0,0
BRDA:73,12,0,0
BRF:13
BRH:3
end_of_record
TN:
SF:src\middlewares\notFoundError.js
FN:3,module.exports
FNF:1
FNH:1
FNDA:1,module.exports
DA:1,1
DA:2,1
DA:3,1
DA:4,1
DA:5,1
LF:5
LH:5
BRDA:1,0,0,1
BRDA:3,1,0,1
BRF:2
BRH:2
end_of_record
